Mesh tibia_r.vtp not connected to model..ignoring
Mesh tibia_r.vtp not connected to model..ignoring
Couldn't find file 'tibia_r.vtp'.
Mesh femur_r.vtp not connected to model..ignoring
Couldn't find file 'femur_r.vtp'.
Mesh tibia_r.vtp not connected to model..ignoring
Couldn't find file 'tibia_r.vtp'.
Mesh r_femur.vtp not connected to model..ignoring
Couldn't find file 'r_femur.vtp'.
Mesh r_tibia.vtp not connected to model..ignoring
Couldn't find file 'r_tibia.vtp'.
Mesh r_femur.vtp not connected to model..ignoring
Couldn't find file 'r_femur.vtp'.
Mesh r_tibia.vtp not connected to model..ignoring
Couldn't find file 'r_tibia.vtp'.
Mesh femur_r.vtp not connected to model..ignoring
Couldn't find file 'femur_r.vtp'.
Mesh tibia_r.vtp not connected to model..ignoring
Couldn't find file 'tibia_r.vtp'.
Mesh femur_r.vtp not connected to model..ignoring
Couldn't find file 'femur_r.vtp'.
Mesh tibia_r.vtp not connected to model..ignoring
Couldn't find file 'tibia_r.vtp'.
Mesh femur_r.vtp not connected to model..ignoring
Couldn't find file 'femur_r.vtp'.
Mesh tibia_r.vtp not connected to model..ignoring
Couldn't find file 'tibia_r.vtp'.
Mesh pelvis.vtp not connected to model..ignoring
Couldn't find file 'pelvis.vtp'.
Mesh pelvis.vtp not connected to model..ignoring
Couldn't find file 'pelvis.vtp'.
Mesh femur_r.vtp not connected to model..ignoring
Couldn't find file 'femur_r.vtp'.
Mesh tibia_r.vtp not connected to model..ignoring
Couldn't find file 'tibia_r.vtp'.
Mesh pelvis.vtp not connected to model..ignoring
Couldn't find file 'pelvis.vtp'.
Mesh femur_r.vtp not connected to model..ignoring
Couldn't find file 'femur_r.vtp'.
Mesh tibia_r.vtp not connected to model..ignoring
Couldn't find file 'tibia_r.vtp'.
Mesh pelvis.vtp not connected to model..ignoring
Couldn't find file 'pelvis.vtp'.
Mesh femur_r.vtp not connected to model..ignoring
Couldn't find file 'femur_r.vtp'.
Mesh tibia_r.vtp not connected to model..ignoring
Couldn't find file 'tibia_r.vtp'.
Mesh pelvis.vtp not connected to model..ignoring
Couldn't find file 'pelvis.vtp'.
Mesh femur_r.vtp not connected to model..ignoring
Couldn't find file 'femur_r.vtp'.
Mesh tibia_r.vtp not connected to model..ignoring
Couldn't find file 'tibia_r.vtp'.
Mesh r_pelvis.vtp not connected to model..ignoring
Mesh femur_r.vtp not connected to model..ignoring
Couldn't find file 'femur_r.vtp'.
Mesh tibia_r.vtp not connected to model..ignoring
Couldn't find file 'tibia_r.vtp'.
Mesh r_pelvis.vtp not connected to model..ignoring
Mesh r_pelvis.vtp not connected to model..ignoring
Mesh l_pelvis.vtp not connected to model..ignoring
Mesh r_pelvis.vtp not connected to model..ignoring
Mesh l_pelvis.vtp not connected to model..ignoring
Mesh sacrum.vtp not connected to model..ignoring
Couldn't find file 'r_pelvis.vtp'.
Couldn't find file 'l_pelvis.vtp'.
Couldn't find file 'sacrum.vtp'.
Mesh femur_r.vtp not connected to model..ignoring
Couldn't find file 'femur_r.vtp'.
Mesh tibia_r.vtp not connected to model..ignoring
Couldn't find file 'tibia_r.vtp'.
Mesh skull.vtp not connected to model..ignoring
Mesh skull.vtp not connected to model..ignoring
Mesh jaw.vtp not connected to model..ignoring
Mesh skull.vtp not connected to model..ignoring
Mesh jaw.vtp not connected to model..ignoring
Mesh cerv1.vtp not connected to model..ignoring
Mesh skull.vtp not connected to model..ignoring
Mesh jaw.vtp not connected to model..ignoring
Mesh cerv1.vtp not connected to model..ignoring
Mesh cerv2.vtp not connected to model..ignoring
Mesh skull.vtp not connected to model..ignoring
Mesh jaw.vtp not connected to model..ignoring
Mesh cerv1.vtp not connected to model..ignoring
Mesh cerv2.vtp not connected to model..ignoring
Mesh cerv3.vtp not connected to model..ignoring
Mesh skull.vtp not connected to model..ignoring
Mesh jaw.vtp not connected to model..ignoring
Mesh cerv1.vtp not connected to model..ignoring
Mesh cerv2.vtp not connected to model..ignoring
Mesh cerv3.vtp not connected to model..ignoring
Mesh cerv4.vtp not connected to model..ignoring
Mesh skull.vtp not connected to model..ignoring
Mesh jaw.vtp not connected to model..ignoring
Mesh cerv1.vtp not connected to model..ignoring
Mesh cerv2.vtp not connected to model..ignoring
Mesh cerv3.vtp not connected to model..ignoring
Mesh cerv4.vtp not connected to model..ignoring
Mesh cerv5.vtp not connected to model..ignoring
Mesh skull.vtp not connected to model..ignoring
Mesh jaw.vtp not connected to model..ignoring
Mesh cerv1.vtp not connected to model..ignoring
Mesh cerv2.vtp not connected to model..ignoring
Mesh cerv3.vtp not connected to model..ignoring
Mesh cerv4.vtp not connected to model..ignoring
Mesh cerv5.vtp not connected to model..ignoring
Mesh cerv6.vtp not connected to model..ignoring
Mesh skull.vtp not connected to model..ignoring
Mesh jaw.vtp not connected to model..ignoring
Mesh cerv1.vtp not connected to model..ignoring
Mesh cerv2.vtp not connected to model..ignoring
Mesh cerv3.vtp not connected to model..ignoring
Mesh cerv4.vtp not connected to model..ignoring
Mesh cerv5.vtp not connected to model..ignoring
Mesh cerv6.vtp not connected to model..ignoring
Mesh cerv7.vtp not connected to model..ignoring
Mesh skull.vtp not connected to model..ignoring
Mesh skull.vtp not connected to model..ignoring
Mesh jaw.vtp not connected to model..ignoring
Mesh skull.vtp not connected to model..ignoring
Mesh jaw.vtp not connected to model..ignoring
Mesh cerv1.vtp not connected to model..ignoring
Mesh skull.vtp not connected to model..ignoring
Mesh jaw.vtp not connected to model..ignoring
Mesh cerv1.vtp not connected to model..ignoring
Mesh cerv2.vtp not connected to model..ignoring
Mesh skull.vtp not connected to model..ignoring
Mesh jaw.vtp not connected to model..ignoring
Mesh cerv1.vtp not connected to model..ignoring
Mesh cerv2.vtp not connected to model..ignoring
Mesh cerv3.vtp not connected to model..ignoring
Mesh skull.vtp not connected to model..ignoring
Mesh jaw.vtp not connected to model..ignoring
Mesh cerv1.vtp not connected to model..ignoring
Mesh cerv2.vtp not connected to model..ignoring
Mesh cerv3.vtp not connected to model..ignoring
Mesh cerv4.vtp not connected to model..ignoring
Mesh skull.vtp not connected to model..ignoring
Mesh jaw.vtp not connected to model..ignoring
Mesh cerv1.vtp not connected to model..ignoring
Mesh cerv2.vtp not connected to model..ignoring
Mesh cerv3.vtp not connected to model..ignoring
Mesh cerv4.vtp not connected to model..ignoring
Mesh cerv5.vtp not connected to model..ignoring
Mesh skull.vtp not connected to model..ignoring
Mesh jaw.vtp not connected to model..ignoring
Mesh cerv1.vtp not connected to model..ignoring
Mesh cerv2.vtp not connected to model..ignoring
Mesh cerv3.vtp not connected to model..ignoring
Mesh cerv4.vtp not connected to model..ignoring
Mesh cerv5.vtp not connected to model..ignoring
Mesh cerv6.vtp not connected to model..ignoring
Mesh skull.vtp not connected to model..ignoring
Mesh jaw.vtp not connected to model..ignoring
Mesh cerv1.vtp not connected to model..ignoring
Mesh cerv2.vtp not connected to model..ignoring
Mesh cerv3.vtp not connected to model..ignoring
Mesh cerv4.vtp not connected to model..ignoring
Mesh cerv5.vtp not connected to model..ignoring
Mesh cerv6.vtp not connected to model..ignoring
Mesh cerv7.vtp not connected to model..ignoring
Couldn't find file 'skull.vtp'.
Couldn't find file 'jaw.vtp'.
Couldn't find file 'cerv1.vtp'.
Couldn't find file 'cerv2.vtp'.
Couldn't find file 'cerv3.vtp'.
Couldn't find file 'cerv4.vtp'.
Couldn't find file 'cerv5.vtp'.
Couldn't find file 'cerv6.vtp'.
Couldn't find file 'cerv7.vtp'.
Mesh r_pelvis.vtp not connected to model..ignoring
Mesh r_pelvis.vtp not connected to model..ignoring
Mesh l_pelvis.vtp not connected to model..ignoring
Mesh r_pelvis.vtp not connected to model..ignoring
Mesh l_pelvis.vtp not connected to model..ignoring
Mesh sacrum.vtp not connected to model..ignoring
Couldn't find file 'r_pelvis.vtp'.
Couldn't find file 'l_pelvis.vtp'.
Couldn't find file 'sacrum.vtp'.
Mesh femur_r.vtp not connected to model..ignoring
Couldn't find file 'femur_r.vtp'.
Mesh tibia_r.vtp not connected to model..ignoring
Couldn't find file 'tibia_r.vtp'.
Body 'pelvis' not connected by a Joint.
A FreeJoint will be added to connect it to ground.
Mesh skull.vtp not connected to model..ignoring
Mesh skull.vtp not connected to model..ignoring
Mesh jaw.vtp not connected to model..ignoring
Mesh skull.vtp not connected to model..ignoring
Mesh jaw.vtp not connected to model..ignoring
Mesh cerv1.vtp not connected to model..ignoring
Mesh skull.vtp not connected to model..ignoring
Mesh jaw.vtp not connected to model..ignoring
Mesh cerv1.vtp not connected to model..ignoring
Mesh cerv2.vtp not connected to model..ignoring
Mesh skull.vtp not connected to model..ignoring
Mesh jaw.vtp not connected to model..ignoring
Mesh cerv1.vtp not connected to model..ignoring
Mesh cerv2.vtp not connected to model..ignoring
Mesh cerv3.vtp not connected to model..ignoring
Mesh skull.vtp not connected to model..ignoring
Mesh jaw.vtp not connected to model..ignoring
Mesh cerv1.vtp not connected to model..ignoring
Mesh cerv2.vtp not connected to model..ignoring
Mesh cerv3.vtp not connected to model..ignoring
Mesh cerv4.vtp not connected to model..ignoring
Mesh skull.vtp not connected to model..ignoring
Mesh jaw.vtp not connected to model..ignoring
Mesh cerv1.vtp not connected to model..ignoring
Mesh cerv2.vtp not connected to model..ignoring
Mesh cerv3.vtp not connected to model..ignoring
Mesh cerv4.vtp not connected to model..ignoring
Mesh cerv5.vtp not connected to model..ignoring
Mesh skull.vtp not connected to model..ignoring
Mesh jaw.vtp not connected to model..ignoring
Mesh cerv1.vtp not connected to model..ignoring
Mesh cerv2.vtp not connected to model..ignoring
Mesh cerv3.vtp not connected to model..ignoring
Mesh cerv4.vtp not connected to model..ignoring
Mesh cerv5.vtp not connected to model..ignoring
Mesh cerv6.vtp not connected to model..ignoring
Mesh skull.vtp not connected to model..ignoring
Mesh jaw.vtp not connected to model..ignoring
Mesh cerv1.vtp not connected to model..ignoring
Mesh cerv2.vtp not connected to model..ignoring
Mesh cerv3.vtp not connected to model..ignoring
Mesh cerv4.vtp not connected to model..ignoring
Mesh cerv5.vtp not connected to model..ignoring
Mesh cerv6.vtp not connected to model..ignoring
Mesh cerv7.vtp not connected to model..ignoring
Couldn't find file 'skull.vtp'.
Couldn't find file 'jaw.vtp'.
Couldn't find file 'cerv1.vtp'.
Couldn't find file 'cerv2.vtp'.
Couldn't find file 'cerv3.vtp'.
Couldn't find file 'cerv4.vtp'.
Couldn't find file 'cerv5.vtp'.
Couldn't find file 'cerv6.vtp'.
Couldn't find file 'cerv7.vtp'.
Mesh skull.vtp not connected to model..ignoring
Mesh skull.vtp not connected to model..ignoring
Mesh jaw.vtp not connected to model..ignoring
Mesh skull.vtp not connected to model..ignoring
Mesh jaw.vtp not connected to model..ignoring
Mesh cerv1.vtp not connected to model..ignoring
Mesh skull.vtp not connected to model..ignoring
Mesh jaw.vtp not connected to model..ignoring
Mesh cerv1.vtp not connected to model..ignoring
Mesh cerv2.vtp not connected to model..ignoring
Mesh skull.vtp not connected to model..ignoring
Mesh jaw.vtp not connected to model..ignoring
Mesh cerv1.vtp not connected to model..ignoring
Mesh cerv2.vtp not connected to model..ignoring
Mesh cerv3.vtp not connected to model..ignoring
Mesh skull.vtp not connected to model..ignoring
Mesh jaw.vtp not connected to model..ignoring
Mesh cerv1.vtp not connected to model..ignoring
Mesh cerv2.vtp not connected to model..ignoring
Mesh cerv3.vtp not connected to model..ignoring
Mesh cerv4.vtp not connected to model..ignoring
Mesh skull.vtp not connected to model..ignoring
Mesh jaw.vtp not connected to model..ignoring
Mesh cerv1.vtp not connected to model..ignoring
Mesh cerv2.vtp not connected to model..ignoring
Mesh cerv3.vtp not connected to model..ignoring
Mesh cerv4.vtp not connected to model..ignoring
Mesh cerv5.vtp not connected to model..ignoring
Mesh skull.vtp not connected to model..ignoring
Mesh jaw.vtp not connected to model..ignoring
Mesh cerv1.vtp not connected to model..ignoring
Mesh cerv2.vtp not connected to model..ignoring
Mesh cerv3.vtp not connected to model..ignoring
Mesh cerv4.vtp not connected to model..ignoring
Mesh cerv5.vtp not connected to model..ignoring
Mesh cerv6.vtp not connected to model..ignoring
Mesh skull.vtp not connected to model..ignoring
Mesh jaw.vtp not connected to model..ignoring
Mesh cerv1.vtp not connected to model..ignoring
Mesh cerv2.vtp not connected to model..ignoring
Mesh cerv3.vtp not connected to model..ignoring
Mesh cerv4.vtp not connected to model..ignoring
Mesh cerv5.vtp not connected to model..ignoring
Mesh cerv6.vtp not connected to model..ignoring
Mesh cerv7.vtp not connected to model..ignoring
Mesh thoracic1.vtp not connected to model..ignoring
Mesh skull.vtp not connected to model..ignoring
Mesh skull.vtp not connected to model..ignoring
Mesh jaw.vtp not connected to model..ignoring
Mesh skull.vtp not connected to model..ignoring
Mesh jaw.vtp not connected to model..ignoring
Mesh cerv1.vtp not connected to model..ignoring
Mesh skull.vtp not connected to model..ignoring
Mesh jaw.vtp not connected to model..ignoring
Mesh cerv1.vtp not connected to model..ignoring
Mesh cerv2.vtp not connected to model..ignoring
Mesh skull.vtp not connected to model..ignoring
Mesh jaw.vtp not connected to model..ignoring
Mesh cerv1.vtp not connected to model..ignoring
Mesh cerv2.vtp not connected to model..ignoring
Mesh cerv3.vtp not connected to model..ignoring
Mesh skull.vtp not connected to model..ignoring
Mesh jaw.vtp not connected to model..ignoring
Mesh cerv1.vtp not connected to model..ignoring
Mesh cerv2.vtp not connected to model..ignoring
Mesh cerv3.vtp not connected to model..ignoring
Mesh cerv4.vtp not connected to model..ignoring
Mesh skull.vtp not connected to model..ignoring
Mesh jaw.vtp not connected to model..ignoring
Mesh cerv1.vtp not connected to model..ignoring
Mesh cerv2.vtp not connected to model..ignoring
Mesh cerv3.vtp not connected to model..ignoring
Mesh cerv4.vtp not connected to model..ignoring
Mesh cerv5.vtp not connected to model..ignoring
Mesh skull.vtp not connected to model..ignoring
Mesh jaw.vtp not connected to model..ignoring
Mesh cerv1.vtp not connected to model..ignoring
Mesh cerv2.vtp not connected to model..ignoring
Mesh cerv3.vtp not connected to model..ignoring
Mesh cerv4.vtp not connected to model..ignoring
Mesh cerv5.vtp not connected to model..ignoring
Mesh cerv6.vtp not connected to model..ignoring
Mesh skull.vtp not connected to model..ignoring
Mesh jaw.vtp not connected to model..ignoring
Mesh cerv1.vtp not connected to model..ignoring
Mesh cerv2.vtp not connected to model..ignoring
Mesh cerv3.vtp not connected to model..ignoring
Mesh cerv4.vtp not connected to model..ignoring
Mesh cerv5.vtp not connected to model..ignoring
Mesh cerv6.vtp not connected to model..ignoring
Mesh cerv7.vtp not connected to model..ignoring
Mesh thoracic1.vtp not connected to model..ignoring
Mesh skull.vtp not connected to model..ignoring
Mesh skull.vtp not connected to model..ignoring
Mesh jaw.vtp not connected to model..ignoring
Mesh skull.vtp not connected to model..ignoring
Mesh jaw.vtp not connected to model..ignoring
Mesh cerv1.vtp not connected to model..ignoring
Mesh skull.vtp not connected to model..ignoring
Mesh jaw.vtp not connected to model..ignoring
Mesh cerv1.vtp not connected to model..ignoring
Mesh cerv2.vtp not connected to model..ignoring
Mesh skull.vtp not connected to model..ignoring
Mesh jaw.vtp not connected to model..ignoring
Mesh cerv1.vtp not connected to model..ignoring
Mesh cerv2.vtp not connected to model..ignoring
Mesh cerv3.vtp not connected to model..ignoring
Mesh skull.vtp not connected to model..ignoring
Mesh jaw.vtp not connected to model..ignoring
Mesh cerv1.vtp not connected to model..ignoring
Mesh cerv2.vtp not connected to model..ignoring
Mesh cerv3.vtp not connected to model..ignoring
Mesh cerv4.vtp not connected to model..ignoring
Mesh skull.vtp not connected to model..ignoring
Mesh jaw.vtp not connected to model..ignoring
Mesh cerv1.vtp not connected to model..ignoring
Mesh cerv2.vtp not connected to model..ignoring
Mesh cerv3.vtp not connected to model..ignoring
Mesh cerv4.vtp not connected to model..ignoring
Mesh cerv5.vtp not connected to model..ignoring
Mesh skull.vtp not connected to model..ignoring
Mesh jaw.vtp not connected to model..ignoring
Mesh cerv1.vtp not connected to model..ignoring
Mesh cerv2.vtp not connected to model..ignoring
Mesh cerv3.vtp not connected to model..ignoring
Mesh cerv4.vtp not connected to model..ignoring
Mesh cerv5.vtp not connected to model..ignoring
Mesh cerv6.vtp not connected to model..ignoring
Mesh skull.vtp not connected to model..ignoring
Mesh jaw.vtp not connected to model..ignoring
Mesh cerv1.vtp not connected to model..ignoring
Mesh cerv2.vtp not connected to model..ignoring
Mesh cerv3.vtp not connected to model..ignoring
Mesh cerv4.vtp not connected to model..ignoring
Mesh cerv5.vtp not connected to model..ignoring
Mesh cerv6.vtp not connected to model..ignoring
Mesh cerv7.vtp not connected to model..ignoring
Mesh thoracic1.vtp not connected to model..ignoring
Mesh thoracic2.vtp not connected to model..ignoring
Mesh r_pelvis.vtp not connected to model..ignoring
Mesh r_pelvis.vtp not connected to model..ignoring
Mesh l_pelvis.vtp not connected to model..ignoring
Mesh r_pelvis.vtp not connected to model..ignoring
Mesh l_pelvis.vtp not connected to model..ignoring
Mesh sacrum.vtp not connected to model..ignoring
Mesh femur_r.vtp not connected to model..ignoring
Mesh tibia_r.vtp not connected to model..ignoring
Mesh skull.vtp not connected to model..ignoring
Mesh skull.vtp not connected to model..ignoring
Mesh jaw.vtp not connected to model..ignoring
Mesh skull.vtp not connected to model..ignoring
Mesh jaw.vtp not connected to model..ignoring
Mesh cerv1.vtp not connected to model..ignoring
Mesh skull.vtp not connected to model..ignoring
Mesh jaw.vtp not connected to model..ignoring
Mesh cerv1.vtp not connected to model..ignoring
Mesh cerv2.vtp not connected to model..ignoring
Mesh skull.vtp not connected to model..ignoring
Mesh jaw.vtp not connected to model..ignoring
Mesh cerv1.vtp not connected to model..ignoring
Mesh cerv2.vtp not connected to model..ignoring
Mesh cerv3.vtp not connected to model..ignoring
Mesh skull.vtp not connected to model..ignoring
Mesh jaw.vtp not connected to model..ignoring
Mesh cerv1.vtp not connected to model..ignoring
Mesh cerv2.vtp not connected to model..ignoring
Mesh cerv3.vtp not connected to model..ignoring
Mesh cerv4.vtp not connected to model..ignoring
Mesh skull.vtp not connected to model..ignoring
Mesh jaw.vtp not connected to model..ignoring
Mesh cerv1.vtp not connected to model..ignoring
Mesh cerv2.vtp not connected to model..ignoring
Mesh cerv3.vtp not connected to model..ignoring
Mesh cerv4.vtp not connected to model..ignoring
Mesh cerv5.vtp not connected to model..ignoring
Mesh skull.vtp not connected to model..ignoring
Mesh jaw.vtp not connected to model..ignoring
Mesh cerv1.vtp not connected to model..ignoring
Mesh cerv2.vtp not connected to model..ignoring
Mesh cerv3.vtp not connected to model..ignoring
Mesh cerv4.vtp not connected to model..ignoring
Mesh cerv5.vtp not connected to model..ignoring
Mesh cerv6.vtp not connected to model..ignoring
Mesh skull.vtp not connected to model..ignoring
Mesh jaw.vtp not connected to model..ignoring
Mesh cerv1.vtp not connected to model..ignoring
Mesh cerv2.vtp not connected to model..ignoring
Mesh cerv3.vtp not connected to model..ignoring
Mesh cerv4.vtp not connected to model..ignoring
Mesh cerv5.vtp not connected to model..ignoring
Mesh cerv6.vtp not connected to model..ignoring
Mesh cerv7.vtp not connected to model..ignoring
Mesh thoracic1.vtp not connected to model..ignoring
Mesh thoracic2.vtp not connected to model..ignoring
Mesh skull.vtp not connected to model..ignoring
Mesh skull.vtp not connected to model..ignoring
Mesh jaw.vtp not connected to model..ignoring
Mesh skull.vtp not connected to model..ignoring
Mesh jaw.vtp not connected to model..ignoring
Mesh cerv1.vtp not connected to model..ignoring
Mesh skull.vtp not connected to model..ignoring
Mesh jaw.vtp not connected to model..ignoring
Mesh cerv1.vtp not connected to model..ignoring
Mesh cerv2.vtp not connected to model..ignoring
Mesh skull.vtp not connected to model..ignoring
Mesh jaw.vtp not connected to model..ignoring
Mesh cerv1.vtp not connected to model..ignoring
Mesh cerv2.vtp not connected to model..ignoring
Mesh cerv3.vtp not connected to model..ignoring
Mesh skull.vtp not connected to model..ignoring
Mesh jaw.vtp not connected to model..ignoring
Mesh cerv1.vtp not connected to model..ignoring
Mesh cerv2.vtp not connected to model..ignoring
Mesh cerv3.vtp not connected to model..ignoring
Mesh cerv4.vtp not connected to model..ignoring
Mesh skull.vtp not connected to model..ignoring
Mesh jaw.vtp not connected to model..ignoring
Mesh cerv1.vtp not connected to model..ignoring
Mesh cerv2.vtp not connected to model..ignoring
Mesh cerv3.vtp not connected to model..ignoring
Mesh cerv4.vtp not connected to model..ignoring
Mesh cerv5.vtp not connected to model..ignoring
Mesh skull.vtp not connected to model..ignoring
Mesh jaw.vtp not connected to model..ignoring
Mesh cerv1.vtp not connected to model..ignoring
Mesh cerv2.vtp not connected to model..ignoring
Mesh cerv3.vtp not connected to model..ignoring
Mesh cerv4.vtp not connected to model..ignoring
Mesh cerv5.vtp not connected to model..ignoring
Mesh cerv6.vtp not connected to model..ignoring
Mesh skull.vtp not connected to model..ignoring
Mesh jaw.vtp not connected to model..ignoring
Mesh cerv1.vtp not connected to model..ignoring
Mesh cerv2.vtp not connected to model..ignoring
Mesh cerv3.vtp not connected to model..ignoring
Mesh cerv4.vtp not connected to model..ignoring
Mesh cerv5.vtp not connected to model..ignoring
Mesh cerv6.vtp not connected to model..ignoring
Mesh cerv7.vtp not connected to model..ignoring
Mesh thoracic1.vtp not connected to model..ignoring
Mesh thoracic2.vtp not connected to model..ignoring
Mesh skull.vtp not connected to model..ignoring
Mesh skull.vtp not connected to model..ignoring
Mesh jaw.vtp not connected to model..ignoring
Mesh skull.vtp not connected to model..ignoring
Mesh jaw.vtp not connected to model..ignoring
Mesh cerv1.vtp not connected to model..ignoring
Mesh skull.vtp not connected to model..ignoring
Mesh jaw.vtp not connected to model..ignoring
Mesh cerv1.vtp not connected to model..ignoring
Mesh cerv2.vtp not connected to model..ignoring
Mesh skull.vtp not connected to model..ignoring
Mesh jaw.vtp not connected to model..ignoring
Mesh cerv1.vtp not connected to model..ignoring
Mesh cerv2.vtp not connected to model..ignoring
Mesh cerv3.vtp not connected to model..ignoring
Mesh skull.vtp not connected to model..ignoring
Mesh jaw.vtp not connected to model..ignoring
Mesh cerv1.vtp not connected to model..ignoring
Mesh cerv2.vtp not connected to model..ignoring
Mesh cerv3.vtp not connected to model..ignoring
Mesh cerv4.vtp not connected to model..ignoring
Mesh skull.vtp not connected to model..ignoring
Mesh jaw.vtp not connected to model..ignoring
Mesh cerv1.vtp not connected to model..ignoring
Mesh cerv2.vtp not connected to model..ignoring
Mesh cerv3.vtp not connected to model..ignoring
Mesh cerv4.vtp not connected to model..ignoring
Mesh cerv5.vtp not connected to model..ignoring
Mesh skull.vtp not connected to model..ignoring
Mesh jaw.vtp not connected to model..ignoring
Mesh cerv1.vtp not connected to model..ignoring
Mesh cerv2.vtp not connected to model..ignoring
Mesh cerv3.vtp not connected to model..ignoring
Mesh cerv4.vtp not connected to model..ignoring
Mesh cerv5.vtp not connected to model..ignoring
Mesh cerv6.vtp not connected to model..ignoring
Mesh skull.vtp not connected to model..ignoring
Mesh jaw.vtp not connected to model..ignoring
Mesh cerv1.vtp not connected to model..ignoring
Mesh cerv2.vtp not connected to model..ignoring
Mesh cerv3.vtp not connected to model..ignoring
Mesh cerv4.vtp not connected to model..ignoring
Mesh cerv5.vtp not connected to model..ignoring
Mesh cerv6.vtp not connected to model..ignoring
Mesh cerv7.vtp not connected to model..ignoring
Mesh thoracic1.vtp not connected to model..ignoring
Mesh thoracic1.vtp not connected to model..ignoring
Mesh thoracic2.vtp not connected to model..ignoring
Mesh skull.vtp not connected to model..ignoring
Mesh skull.vtp not connected to model..ignoring
Mesh jaw.vtp not connected to model..ignoring
Mesh skull.vtp not connected to model..ignoring
Mesh jaw.vtp not connected to model..ignoring
Mesh cerv1.vtp not connected to model..ignoring
Mesh skull.vtp not connected to model..ignoring
Mesh jaw.vtp not connected to model..ignoring
Mesh cerv1.vtp not connected to model..ignoring
Mesh cerv2.vtp not connected to model..ignoring
Mesh skull.vtp not connected to model..ignoring
Mesh jaw.vtp not connected to model..ignoring
Mesh cerv1.vtp not connected to model..ignoring
Mesh cerv2.vtp not connected to model..ignoring
Mesh cerv3.vtp not connected to model..ignoring
Mesh skull.vtp not connected to model..ignoring
Mesh jaw.vtp not connected to model..ignoring
Mesh cerv1.vtp not connected to model..ignoring
Mesh cerv2.vtp not connected to model..ignoring
Mesh cerv3.vtp not connected to model..ignoring
Mesh cerv4.vtp not connected to model..ignoring
Mesh skull.vtp not connected to model..ignoring
Mesh jaw.vtp not connected to model..ignoring
Mesh cerv1.vtp not connected to model..ignoring
Mesh cerv2.vtp not connected to model..ignoring
Mesh cerv3.vtp not connected to model..ignoring
Mesh cerv4.vtp not connected to model..ignoring
Mesh cerv5.vtp not connected to model..ignoring
Mesh skull.vtp not connected to model..ignoring
Mesh jaw.vtp not connected to model..ignoring
Mesh cerv1.vtp not connected to model..ignoring
Mesh cerv2.vtp not connected to model..ignoring
Mesh cerv3.vtp not connected to model..ignoring
Mesh cerv4.vtp not connected to model..ignoring
Mesh cerv5.vtp not connected to model..ignoring
Mesh cerv6.vtp not connected to model..ignoring
Mesh skull.vtp not connected to model..ignoring
Mesh jaw.vtp not connected to model..ignoring
Mesh cerv1.vtp not connected to model..ignoring
Mesh cerv2.vtp not connected to model..ignoring
Mesh cerv3.vtp not connected to model..ignoring
Mesh cerv4.vtp not connected to model..ignoring
Mesh cerv5.vtp not connected to model..ignoring
Mesh cerv6.vtp not connected to model..ignoring
Mesh cerv7.vtp not connected to model..ignoring
Couldn't find file 'skull.vtp'.
Couldn't find file 'jaw.vtp'.
Couldn't find file 'cerv1.vtp'.
Couldn't find file 'cerv2.vtp'.
Couldn't find file 'cerv3.vtp'.
Couldn't find file 'cerv4.vtp'.
Couldn't find file 'cerv5.vtp'.
Couldn't find file 'cerv6.vtp'.
Couldn't find file 'cerv7.vtp'.
Mesh thoracic1.vtp not connected to model..ignoring
Mesh thoracic2.vtp not connected to model..ignoring
Mesh skull.vtp not connected to model..ignoring
Mesh skull.vtp not connected to model..ignoring
Mesh jaw.vtp not connected to model..ignoring
Mesh skull.vtp not connected to model..ignoring
Mesh jaw.vtp not connected to model..ignoring
Mesh cerv1.vtp not connected to model..ignoring
Mesh skull.vtp not connected to model..ignoring
Mesh jaw.vtp not connected to model..ignoring
Mesh cerv1.vtp not connected to model..ignoring
Mesh cerv2.vtp not connected to model..ignoring
Mesh skull.vtp not connected to model..ignoring
Mesh jaw.vtp not connected to model..ignoring
Mesh cerv1.vtp not connected to model..ignoring
Mesh cerv2.vtp not connected to model..ignoring
Mesh cerv3.vtp not connected to model..ignoring
Mesh skull.vtp not connected to model..ignoring
Mesh jaw.vtp not connected to model..ignoring
Mesh cerv1.vtp not connected to model..ignoring
Mesh cerv2.vtp not connected to model..ignoring
Mesh cerv3.vtp not connected to model..ignoring
Mesh cerv4.vtp not connected to model..ignoring
Mesh skull.vtp not connected to model..ignoring
Mesh jaw.vtp not connected to model..ignoring
Mesh cerv1.vtp not connected to model..ignoring
Mesh cerv2.vtp not connected to model..ignoring
Mesh cerv3.vtp not connected to model..ignoring
Mesh cerv4.vtp not connected to model..ignoring
Mesh cerv5.vtp not connected to model..ignoring
Mesh skull.vtp not connected to model..ignoring
Mesh jaw.vtp not connected to model..ignoring
Mesh cerv1.vtp not connected to model..ignoring
Mesh cerv2.vtp not connected to model..ignoring
Mesh cerv3.vtp not connected to model..ignoring
Mesh cerv4.vtp not connected to model..ignoring
Mesh cerv5.vtp not connected to model..ignoring
Mesh cerv6.vtp not connected to model..ignoring
Mesh skull.vtp not connected to model..ignoring
Mesh jaw.vtp not connected to model..ignoring
Mesh cerv1.vtp not connected to model..ignoring
Mesh cerv2.vtp not connected to model..ignoring
Mesh cerv3.vtp not connected to model..ignoring
Mesh cerv4.vtp not connected to model..ignoring
Mesh cerv5.vtp not connected to model..ignoring
Mesh cerv6.vtp not connected to model..ignoring
Mesh cerv7.vtp not connected to model..ignoring
Couldn't find file 'skull.vtp'.
Couldn't find file 'jaw.vtp'.
Couldn't find file 'cerv1.vtp'.
Couldn't find file 'cerv2.vtp'.
Couldn't find file 'cerv3.vtp'.
Couldn't find file 'cerv4.vtp'.
Couldn't find file 'cerv5.vtp'.
Couldn't find file 'cerv6.vtp'.
Couldn't find file 'cerv7.vtp'.
Mesh thoracic1.vtp not connected to model..ignoring
Couldn't find file 'thoracic1.vtp'.
Mesh thoracic2.vtp not connected to model..ignoring
Couldn't find file 'thoracic2.vtp'.
Mesh skull.vtp not connected to model..ignoring
Mesh skull.vtp not connected to model..ignoring
Mesh jaw.vtp not connected to model..ignoring
Mesh skull.vtp not connected to model..ignoring
Mesh jaw.vtp not connected to model..ignoring
Mesh cerv1.vtp not connected to model..ignoring
Mesh skull.vtp not connected to model..ignoring
Mesh jaw.vtp not connected to model..ignoring
Mesh cerv1.vtp not connected to model..ignoring
Mesh cerv2.vtp not connected to model..ignoring
Mesh skull.vtp not connected to model..ignoring
Mesh jaw.vtp not connected to model..ignoring
Mesh cerv1.vtp not connected to model..ignoring
Mesh cerv2.vtp not connected to model..ignoring
Mesh cerv3.vtp not connected to model..ignoring
Mesh skull.vtp not connected to model..ignoring
Mesh jaw.vtp not connected to model..ignoring
Mesh cerv1.vtp not connected to model..ignoring
Mesh cerv2.vtp not connected to model..ignoring
Mesh cerv3.vtp not connected to model..ignoring
Mesh cerv4.vtp not connected to model..ignoring
Mesh skull.vtp not connected to model..ignoring
Mesh jaw.vtp not connected to model..ignoring
Mesh cerv1.vtp not connected to model..ignoring
Mesh cerv2.vtp not connected to model..ignoring
Mesh cerv3.vtp not connected to model..ignoring
Mesh cerv4.vtp not connected to model..ignoring
Mesh cerv5.vtp not connected to model..ignoring
Mesh skull.vtp not connected to model..ignoring
Mesh jaw.vtp not connected to model..ignoring
Mesh cerv1.vtp not connected to model..ignoring
Mesh cerv2.vtp not connected to model..ignoring
Mesh cerv3.vtp not connected to model..ignoring
Mesh cerv4.vtp not connected to model..ignoring
Mesh cerv5.vtp not connected to model..ignoring
Mesh cerv6.vtp not connected to model..ignoring
Mesh skull.vtp not connected to model..ignoring
Mesh jaw.vtp not connected to model..ignoring
Mesh cerv1.vtp not connected to model..ignoring
Mesh cerv2.vtp not connected to model..ignoring
Mesh cerv3.vtp not connected to model..ignoring
Mesh cerv4.vtp not connected to model..ignoring
Mesh cerv5.vtp not connected to model..ignoring
Mesh cerv6.vtp not connected to model..ignoring
Mesh cerv7.vtp not connected to model..ignoring
Couldn't find file 'skull.vtp'.
Couldn't find file 'jaw.vtp'.
Couldn't find file 'cerv1.vtp'.
Couldn't find file 'cerv2.vtp'.
Couldn't find file 'cerv3.vtp'.
Couldn't find file 'cerv4.vtp'.
Couldn't find file 'cerv5.vtp'.
Couldn't find file 'cerv6.vtp'.
Couldn't find file 'cerv7.vtp'.
Mesh thoracic1.vtp not connected to model..ignoring
Couldn't find file 'thoracic1.vtp'.
Mesh thoracic2.vtp not connected to model..ignoring
Couldn't find file 'thoracic2.vtp'.
Mesh thoracic3.vtp not connected to model..ignoring
Couldn't find file 'thoracic3.vtp'.
JointSet 'jointset' has subcomponents with duplicate name 'T1T2'.
The duplicate is being renamed to 'T1T2_0'.
Body 'T3' not connected by a Joint.
A FreeJoint will be added to connect it to ground.
Mesh skull.vtp not connected to model..ignoring
Mesh skull.vtp not connected to model..ignoring
Mesh jaw.vtp not connected to model..ignoring
Mesh skull.vtp not connected to model..ignoring
Mesh jaw.vtp not connected to model..ignoring
Mesh cerv1.vtp not connected to model..ignoring
Mesh skull.vtp not connected to model..ignoring
Mesh jaw.vtp not connected to model..ignoring
Mesh cerv1.vtp not connected to model..ignoring
Mesh cerv2.vtp not connected to model..ignoring
Mesh skull.vtp not connected to model..ignoring
Mesh jaw.vtp not connected to model..ignoring
Mesh cerv1.vtp not connected to model..ignoring
Mesh cerv2.vtp not connected to model..ignoring
Mesh cerv3.vtp not connected to model..ignoring
Mesh skull.vtp not connected to model..ignoring
Mesh jaw.vtp not connected to model..ignoring
Mesh cerv1.vtp not connected to model..ignoring
Mesh cerv2.vtp not connected to model..ignoring
Mesh cerv3.vtp not connected to model..ignoring
Mesh cerv4.vtp not connected to model..ignoring
Mesh skull.vtp not connected to model..ignoring
Mesh jaw.vtp not connected to model..ignoring
Mesh cerv1.vtp not connected to model..ignoring
Mesh cerv2.vtp not connected to model..ignoring
Mesh cerv3.vtp not connected to model..ignoring
Mesh cerv4.vtp not connected to model..ignoring
Mesh cerv5.vtp not connected to model..ignoring
Mesh skull.vtp not connected to model..ignoring
Mesh jaw.vtp not connected to model..ignoring
Mesh cerv1.vtp not connected to model..ignoring
Mesh cerv2.vtp not connected to model..ignoring
Mesh cerv3.vtp not connected to model..ignoring
Mesh cerv4.vtp not connected to model..ignoring
Mesh cerv5.vtp not connected to model..ignoring
Mesh cerv6.vtp not connected to model..ignoring
Mesh skull.vtp not connected to model..ignoring
Mesh jaw.vtp not connected to model..ignoring
Mesh cerv1.vtp not connected to model..ignoring
Mesh cerv2.vtp not connected to model..ignoring
Mesh cerv3.vtp not connected to model..ignoring
Mesh cerv4.vtp not connected to model..ignoring
Mesh cerv5.vtp not connected to model..ignoring
Mesh cerv6.vtp not connected to model..ignoring
Mesh cerv7.vtp not connected to model..ignoring
Couldn't find file 'skull.vtp'.
Couldn't find file 'jaw.vtp'.
Couldn't find file 'cerv1.vtp'.
Couldn't find file 'cerv2.vtp'.
Couldn't find file 'cerv3.vtp'.
Couldn't find file 'cerv4.vtp'.
Couldn't find file 'cerv5.vtp'.
Couldn't find file 'cerv6.vtp'.
Couldn't find file 'cerv7.vtp'.
Mesh thoracic1.vtp not connected to model..ignoring
Couldn't find file 'thoracic1.vtp'.
Mesh thoracic2.vtp not connected to model..ignoring
Couldn't find file 'thoracic2.vtp'.
Mesh thoracic3.vtp not connected to model..ignoring
Couldn't find file 'thoracic3.vtp'.
Mesh skull.vtp not connected to model..ignoring
Mesh skull.vtp not connected to model..ignoring
Mesh jaw.vtp not connected to model..ignoring
Mesh skull.vtp not connected to model..ignoring
Mesh jaw.vtp not connected to model..ignoring
Mesh cerv1.vtp not connected to model..ignoring
Mesh skull.vtp not connected to model..ignoring
Mesh jaw.vtp not connected to model..ignoring
Mesh cerv1.vtp not connected to model..ignoring
Mesh cerv2.vtp not connected to model..ignoring
Mesh skull.vtp not connected to model..ignoring
Mesh jaw.vtp not connected to model..ignoring
Mesh cerv1.vtp not connected to model..ignoring
Mesh cerv2.vtp not connected to model..ignoring
Mesh cerv3.vtp not connected to model..ignoring
Mesh skull.vtp not connected to model..ignoring
Mesh jaw.vtp not connected to model..ignoring
Mesh cerv1.vtp not connected to model..ignoring
Mesh cerv2.vtp not connected to model..ignoring
Mesh cerv3.vtp not connected to model..ignoring
Mesh cerv4.vtp not connected to model..ignoring
Mesh skull.vtp not connected to model..ignoring
Mesh jaw.vtp not connected to model..ignoring
Mesh cerv1.vtp not connected to model..ignoring
Mesh cerv2.vtp not connected to model..ignoring
Mesh cerv3.vtp not connected to model..ignoring
Mesh cerv4.vtp not connected to model..ignoring
Mesh cerv5.vtp not connected to model..ignoring
Mesh skull.vtp not connected to model..ignoring
Mesh jaw.vtp not connected to model..ignoring
Mesh cerv1.vtp not connected to model..ignoring
Mesh cerv2.vtp not connected to model..ignoring
Mesh cerv3.vtp not connected to model..ignoring
Mesh cerv4.vtp not connected to model..ignoring
Mesh cerv5.vtp not connected to model..ignoring
Mesh cerv6.vtp not connected to model..ignoring
Mesh skull.vtp not connected to model..ignoring
Mesh jaw.vtp not connected to model..ignoring
Mesh cerv1.vtp not connected to model..ignoring
Mesh cerv2.vtp not connected to model..ignoring
Mesh cerv3.vtp not connected to model..ignoring
Mesh cerv4.vtp not connected to model..ignoring
Mesh cerv5.vtp not connected to model..ignoring
Mesh cerv6.vtp not connected to model..ignoring
Mesh cerv7.vtp not connected to model..ignoring
Couldn't find file 'skull.vtp'.
Couldn't find file 'jaw.vtp'.
Couldn't find file 'cerv1.vtp'.
Couldn't find file 'cerv2.vtp'.
Couldn't find file 'cerv3.vtp'.
Couldn't find file 'cerv4.vtp'.
Couldn't find file 'cerv5.vtp'.
Couldn't find file 'cerv6.vtp'.
Couldn't find file 'cerv7.vtp'.
Mesh thoracic1.vtp not connected to model..ignoring
Couldn't find file 'thoracic1.vtp'.
Mesh thoracic2.vtp not connected to model..ignoring
Couldn't find file 'thoracic2.vtp'.
Mesh thoracic3.vtp not connected to model..ignoring
Couldn't find file 'thoracic3.vtp'.
Mesh thoracic4.vtp not connected to model..ignoring
Couldn't find file 'thoracic4.vtp'.
Mesh skull.vtp not connected to model..ignoring
Mesh skull.vtp not connected to model..ignoring
Mesh jaw.vtp not connected to model..ignoring
Mesh skull.vtp not connected to model..ignoring
Mesh jaw.vtp not connected to model..ignoring
Mesh cerv1.vtp not connected to model..ignoring
Mesh skull.vtp not connected to model..ignoring
Mesh jaw.vtp not connected to model..ignoring
Mesh cerv1.vtp not connected to model..ignoring
Mesh cerv2.vtp not connected to model..ignoring
Mesh skull.vtp not connected to model..ignoring
Mesh jaw.vtp not connected to model..ignoring
Mesh cerv1.vtp not connected to model..ignoring
Mesh cerv2.vtp not connected to model..ignoring
Mesh cerv3.vtp not connected to model..ignoring
Mesh skull.vtp not connected to model..ignoring
Mesh jaw.vtp not connected to model..ignoring
Mesh cerv1.vtp not connected to model..ignoring
Mesh cerv2.vtp not connected to model..ignoring
Mesh cerv3.vtp not connected to model..ignoring
Mesh cerv4.vtp not connected to model..ignoring
Mesh skull.vtp not connected to model..ignoring
Mesh jaw.vtp not connected to model..ignoring
Mesh cerv1.vtp not connected to model..ignoring
Mesh cerv2.vtp not connected to model..ignoring
Mesh cerv3.vtp not connected to model..ignoring
Mesh cerv4.vtp not connected to model..ignoring
Mesh cerv5.vtp not connected to model..ignoring
Mesh skull.vtp not connected to model..ignoring
Mesh jaw.vtp not connected to model..ignoring
Mesh cerv1.vtp not connected to model..ignoring
Mesh cerv2.vtp not connected to model..ignoring
Mesh cerv3.vtp not connected to model..ignoring
Mesh cerv4.vtp not connected to model..ignoring
Mesh cerv5.vtp not connected to model..ignoring
Mesh cerv6.vtp not connected to model..ignoring
Mesh skull.vtp not connected to model..ignoring
Mesh jaw.vtp not connected to model..ignoring
Mesh cerv1.vtp not connected to model..ignoring
Mesh cerv2.vtp not connected to model..ignoring
Mesh cerv3.vtp not connected to model..ignoring
Mesh cerv4.vtp not connected to model..ignoring
Mesh cerv5.vtp not connected to model..ignoring
Mesh cerv6.vtp not connected to model..ignoring
Mesh cerv7.vtp not connected to model..ignoring
Couldn't find file 'skull.vtp'.
Couldn't find file 'jaw.vtp'.
Couldn't find file 'cerv1.vtp'.
Couldn't find file 'cerv2.vtp'.
Couldn't find file 'cerv3.vtp'.
Couldn't find file 'cerv4.vtp'.
Couldn't find file 'cerv5.vtp'.
Couldn't find file 'cerv6.vtp'.
Couldn't find file 'cerv7.vtp'.
Mesh thoracic1.vtp not connected to model..ignoring
Couldn't find file 'thoracic1.vtp'.
Mesh thoracic2.vtp not connected to model..ignoring
Couldn't find file 'thoracic2.vtp'.
Mesh thoracic3.vtp not connected to model..ignoring
Couldn't find file 'thoracic3.vtp'.
Mesh thoracic4.vtp not connected to model..ignoring
Couldn't find file 'thoracic4.vtp'.
Mesh thoracic5.vtp not connected to model..ignoring
Couldn't find file 'thoracic5.vtp'.
Mesh thoracic6.vtp not connected to model..ignoring
Couldn't find file 'thoracic6.vtp'.
Mesh thoracic7.vtp not connected to model..ignoring
Couldn't find file 'thoracic7.vtp'.
Mesh skull.vtp not connected to model..ignoring
Mesh skull.vtp not connected to model..ignoring
Mesh jaw.vtp not connected to model..ignoring
Mesh skull.vtp not connected to model..ignoring
Mesh jaw.vtp not connected to model..ignoring
Mesh cerv1.vtp not connected to model..ignoring
Mesh skull.vtp not connected to model..ignoring
Mesh jaw.vtp not connected to model..ignoring
Mesh cerv1.vtp not connected to model..ignoring
Mesh cerv2.vtp not connected to model..ignoring
Mesh skull.vtp not connected to model..ignoring
Mesh jaw.vtp not connected to model..ignoring
Mesh cerv1.vtp not connected to model..ignoring
Mesh cerv2.vtp not connected to model..ignoring
Mesh cerv3.vtp not connected to model..ignoring
Mesh skull.vtp not connected to model..ignoring
Mesh jaw.vtp not connected to model..ignoring
Mesh cerv1.vtp not connected to model..ignoring
Mesh cerv2.vtp not connected to model..ignoring
Mesh cerv3.vtp not connected to model..ignoring
Mesh cerv4.vtp not connected to model..ignoring
Mesh skull.vtp not connected to model..ignoring
Mesh jaw.vtp not connected to model..ignoring
Mesh cerv1.vtp not connected to model..ignoring
Mesh cerv2.vtp not connected to model..ignoring
Mesh cerv3.vtp not connected to model..ignoring
Mesh cerv4.vtp not connected to model..ignoring
Mesh cerv5.vtp not connected to model..ignoring
Mesh skull.vtp not connected to model..ignoring
Mesh jaw.vtp not connected to model..ignoring
Mesh cerv1.vtp not connected to model..ignoring
Mesh cerv2.vtp not connected to model..ignoring
Mesh cerv3.vtp not connected to model..ignoring
Mesh cerv4.vtp not connected to model..ignoring
Mesh cerv5.vtp not connected to model..ignoring
Mesh cerv6.vtp not connected to model..ignoring
Mesh skull.vtp not connected to model..ignoring
Mesh jaw.vtp not connected to model..ignoring
Mesh cerv1.vtp not connected to model..ignoring
Mesh cerv2.vtp not connected to model..ignoring
Mesh cerv3.vtp not connected to model..ignoring
Mesh cerv4.vtp not connected to model..ignoring
Mesh cerv5.vtp not connected to model..ignoring
Mesh cerv6.vtp not connected to model..ignoring
Mesh cerv7.vtp not connected to model..ignoring
Couldn't find file 'skull.vtp'.
Couldn't find file 'jaw.vtp'.
Couldn't find file 'cerv1.vtp'.
Couldn't find file 'cerv2.vtp'.
Couldn't find file 'cerv3.vtp'.
Couldn't find file 'cerv4.vtp'.
Couldn't find file 'cerv5.vtp'.
Couldn't find file 'cerv6.vtp'.
Couldn't find file 'cerv7.vtp'.
Mesh thoracic1.vtp not connected to model..ignoring
Couldn't find file 'thoracic1.vtp'.
Mesh thoracic2.vtp not connected to model..ignoring
Couldn't find file 'thoracic2.vtp'.
Mesh thoracic3.vtp not connected to model..ignoring
Couldn't find file 'thoracic3.vtp'.
Mesh thoracic4.vtp not connected to model..ignoring
Couldn't find file 'thoracic4.vtp'.
Mesh thoracic5.vtp not connected to model..ignoring
Couldn't find file 'thoracic5.vtp'.
Mesh thoracic6.vtp not connected to model..ignoring
Couldn't find file 'thoracic6.vtp'.
Mesh thoracic7.vtp not connected to model..ignoring
Couldn't find file 'thoracic7.vtp'.
Mesh thoracic8.vtp not connected to model..ignoring
Couldn't find file 'thoracic8.vtp'.
Mesh thoracic9.vtp not connected to model..ignoring
Couldn't find file 'thoracic9.vtp'.
Body 'T9' not connected by a Joint.
A FreeJoint will be added to connect it to ground.
Mesh skull.vtp not connected to model..ignoring
Mesh skull.vtp not connected to model..ignoring
Mesh jaw.vtp not connected to model..ignoring
Mesh skull.vtp not connected to model..ignoring
Mesh jaw.vtp not connected to model..ignoring
Mesh cerv1.vtp not connected to model..ignoring
Mesh skull.vtp not connected to model..ignoring
Mesh jaw.vtp not connected to model..ignoring
Mesh cerv1.vtp not connected to model..ignoring
Mesh cerv2.vtp not connected to model..ignoring
Mesh skull.vtp not connected to model..ignoring
Mesh jaw.vtp not connected to model..ignoring
Mesh cerv1.vtp not connected to model..ignoring
Mesh cerv2.vtp not connected to model..ignoring
Mesh cerv3.vtp not connected to model..ignoring
Mesh skull.vtp not connected to model..ignoring
Mesh jaw.vtp not connected to model..ignoring
Mesh cerv1.vtp not connected to model..ignoring
Mesh cerv2.vtp not connected to model..ignoring
Mesh cerv3.vtp not connected to model..ignoring
Mesh cerv4.vtp not connected to model..ignoring
Mesh skull.vtp not connected to model..ignoring
Mesh jaw.vtp not connected to model..ignoring
Mesh cerv1.vtp not connected to model..ignoring
Mesh cerv2.vtp not connected to model..ignoring
Mesh cerv3.vtp not connected to model..ignoring
Mesh cerv4.vtp not connected to model..ignoring
Mesh cerv5.vtp not connected to model..ignoring
Mesh skull.vtp not connected to model..ignoring
Mesh jaw.vtp not connected to model..ignoring
Mesh cerv1.vtp not connected to model..ignoring
Mesh cerv2.vtp not connected to model..ignoring
Mesh cerv3.vtp not connected to model..ignoring
Mesh cerv4.vtp not connected to model..ignoring
Mesh cerv5.vtp not connected to model..ignoring
Mesh cerv6.vtp not connected to model..ignoring
Mesh skull.vtp not connected to model..ignoring
Mesh jaw.vtp not connected to model..ignoring
Mesh cerv1.vtp not connected to model..ignoring
Mesh cerv2.vtp not connected to model..ignoring
Mesh cerv3.vtp not connected to model..ignoring
Mesh cerv4.vtp not connected to model..ignoring
Mesh cerv5.vtp not connected to model..ignoring
Mesh cerv6.vtp not connected to model..ignoring
Mesh cerv7.vtp not connected to model..ignoring
Couldn't find file 'skull.vtp'.
Couldn't find file 'jaw.vtp'.
Couldn't find file 'cerv1.vtp'.
Couldn't find file 'cerv2.vtp'.
Couldn't find file 'cerv3.vtp'.
Couldn't find file 'cerv4.vtp'.
Couldn't find file 'cerv5.vtp'.
Couldn't find file 'cerv6.vtp'.
Couldn't find file 'cerv7.vtp'.
Mesh thoracic1.vtp not connected to model..ignoring
Couldn't find file 'thoracic1.vtp'.
Mesh thoracic2.vtp not connected to model..ignoring
Couldn't find file 'thoracic2.vtp'.
Mesh thoracic3.vtp not connected to model..ignoring
Couldn't find file 'thoracic3.vtp'.
Mesh thoracic4.vtp not connected to model..ignoring
Couldn't find file 'thoracic4.vtp'.
Mesh thoracic5.vtp not connected to model..ignoring
Couldn't find file 'thoracic5.vtp'.
Mesh thoracic6.vtp not connected to model..ignoring
Couldn't find file 'thoracic6.vtp'.
Mesh thoracic7.vtp not connected to model..ignoring
Couldn't find file 'thoracic7.vtp'.
Mesh thoracic8.vtp not connected to model..ignoring
Couldn't find file 'thoracic8.vtp'.
Mesh thoracic9.vtp not connected to model..ignoring
Couldn't find file 'thoracic9.vtp'.
Body 'T9' not connected by a Joint.
A FreeJoint will be added to connect it to ground.
Mesh skull.vtp not connected to model..ignoring
Mesh skull.vtp not connected to model..ignoring
Mesh jaw.vtp not connected to model..ignoring
Mesh skull.vtp not connected to model..ignoring
Mesh jaw.vtp not connected to model..ignoring
Mesh cerv1.vtp not connected to model..ignoring
Mesh skull.vtp not connected to model..ignoring
Mesh jaw.vtp not connected to model..ignoring
Mesh cerv1.vtp not connected to model..ignoring
Mesh cerv2.vtp not connected to model..ignoring
Mesh skull.vtp not connected to model..ignoring
Mesh jaw.vtp not connected to model..ignoring
Mesh cerv1.vtp not connected to model..ignoring
Mesh cerv2.vtp not connected to model..ignoring
Mesh cerv3.vtp not connected to model..ignoring
Mesh skull.vtp not connected to model..ignoring
Mesh jaw.vtp not connected to model..ignoring
Mesh cerv1.vtp not connected to model..ignoring
Mesh cerv2.vtp not connected to model..ignoring
Mesh cerv3.vtp not connected to model..ignoring
Mesh cerv4.vtp not connected to model..ignoring
Mesh skull.vtp not connected to model..ignoring
Mesh jaw.vtp not connected to model..ignoring
Mesh cerv1.vtp not connected to model..ignoring
Mesh cerv2.vtp not connected to model..ignoring
Mesh cerv3.vtp not connected to model..ignoring
Mesh cerv4.vtp not connected to model..ignoring
Mesh cerv5.vtp not connected to model..ignoring
Mesh skull.vtp not connected to model..ignoring
Mesh jaw.vtp not connected to model..ignoring
Mesh cerv1.vtp not connected to model..ignoring
Mesh cerv2.vtp not connected to model..ignoring
Mesh cerv3.vtp not connected to model..ignoring
Mesh cerv4.vtp not connected to model..ignoring
Mesh cerv5.vtp not connected to model..ignoring
Mesh cerv6.vtp not connected to model..ignoring
Mesh skull.vtp not connected to model..ignoring
Mesh jaw.vtp not connected to model..ignoring
Mesh cerv1.vtp not connected to model..ignoring
Mesh cerv2.vtp not connected to model..ignoring
Mesh cerv3.vtp not connected to model..ignoring
Mesh cerv4.vtp not connected to model..ignoring
Mesh cerv5.vtp not connected to model..ignoring
Mesh cerv6.vtp not connected to model..ignoring
Mesh cerv7.vtp not connected to model..ignoring
Couldn't find file 'skull.vtp'.
Couldn't find file 'jaw.vtp'.
Couldn't find file 'cerv1.vtp'.
Couldn't find file 'cerv2.vtp'.
Couldn't find file 'cerv3.vtp'.
Couldn't find file 'cerv4.vtp'.
Couldn't find file 'cerv5.vtp'.
Couldn't find file 'cerv6.vtp'.
Couldn't find file 'cerv7.vtp'.
Body 'head' not connected by a Joint.
A FreeJoint will be added to connect it to ground.
Mesh thoracic1.vtp not connected to model..ignoring
Couldn't find file 'thoracic1.vtp'.
Mesh thoracic2.vtp not connected to model..ignoring
Couldn't find file 'thoracic2.vtp'.
Mesh thoracic3.vtp not connected to model..ignoring
Couldn't find file 'thoracic3.vtp'.
Mesh thoracic4.vtp not connected to model..ignoring
Couldn't find file 'thoracic4.vtp'.
Mesh thoracic5.vtp not connected to model..ignoring
Couldn't find file 'thoracic5.vtp'.
Mesh thoracic6.vtp not connected to model..ignoring
Couldn't find file 'thoracic6.vtp'.
Mesh thoracic7.vtp not connected to model..ignoring
Couldn't find file 'thoracic7.vtp'.
Mesh thoracic8.vtp not connected to model..ignoring
Couldn't find file 'thoracic8.vtp'.
Mesh thoracic9.vtp not connected to model..ignoring
Couldn't find file 'thoracic9.vtp'.
Body 'T9' not connected by a Joint.
A FreeJoint will be added to connect it to ground.
Mesh skull.vtp not connected to model..ignoring
Mesh skull.vtp not connected to model..ignoring
Mesh jaw.vtp not connected to model..ignoring
Mesh skull.vtp not connected to model..ignoring
Mesh jaw.vtp not connected to model..ignoring
Mesh cerv1.vtp not connected to model..ignoring
Mesh skull.vtp not connected to model..ignoring
Mesh jaw.vtp not connected to model..ignoring
Mesh cerv1.vtp not connected to model..ignoring
Mesh cerv2.vtp not connected to model..ignoring
Mesh skull.vtp not connected to model..ignoring
Mesh jaw.vtp not connected to model..ignoring
Mesh cerv1.vtp not connected to model..ignoring
Mesh cerv2.vtp not connected to model..ignoring
Mesh cerv3.vtp not connected to model..ignoring
Mesh skull.vtp not connected to model..ignoring
Mesh jaw.vtp not connected to model..ignoring
Mesh cerv1.vtp not connected to model..ignoring
Mesh cerv2.vtp not connected to model..ignoring
Mesh cerv3.vtp not connected to model..ignoring
Mesh cerv4.vtp not connected to model..ignoring
Mesh skull.vtp not connected to model..ignoring
Mesh jaw.vtp not connected to model..ignoring
Mesh cerv1.vtp not connected to model..ignoring
Mesh cerv2.vtp not connected to model..ignoring
Mesh cerv3.vtp not connected to model..ignoring
Mesh cerv4.vtp not connected to model..ignoring
Mesh cerv5.vtp not connected to model..ignoring
Mesh skull.vtp not connected to model..ignoring
Mesh jaw.vtp not connected to model..ignoring
Mesh cerv1.vtp not connected to model..ignoring
Mesh cerv2.vtp not connected to model..ignoring
Mesh cerv3.vtp not connected to model..ignoring
Mesh cerv4.vtp not connected to model..ignoring
Mesh cerv5.vtp not connected to model..ignoring
Mesh cerv6.vtp not connected to model..ignoring
Mesh skull.vtp not connected to model..ignoring
Mesh jaw.vtp not connected to model..ignoring
Mesh cerv1.vtp not connected to model..ignoring
Mesh cerv2.vtp not connected to model..ignoring
Mesh cerv3.vtp not connected to model..ignoring
Mesh cerv4.vtp not connected to model..ignoring
Mesh cerv5.vtp not connected to model..ignoring
Mesh cerv6.vtp not connected to model..ignoring
Mesh cerv7.vtp not connected to model..ignoring
Couldn't find file 'skull.vtp'.
Couldn't find file 'jaw.vtp'.
Couldn't find file 'cerv1.vtp'.
Couldn't find file 'cerv2.vtp'.
Couldn't find file 'cerv3.vtp'.
Couldn't find file 'cerv4.vtp'.
Couldn't find file 'cerv5.vtp'.
Couldn't find file 'cerv6.vtp'.
Couldn't find file 'cerv7.vtp'.
Mesh thoracic1.vtp not connected to model..ignoring
Couldn't find file 'thoracic1.vtp'.
Mesh thoracic2.vtp not connected to model..ignoring
Couldn't find file 'thoracic2.vtp'.
Mesh thoracic3.vtp not connected to model..ignoring
Couldn't find file 'thoracic3.vtp'.
Mesh thoracic4.vtp not connected to model..ignoring
Couldn't find file 'thoracic4.vtp'.
Mesh thoracic5.vtp not connected to model..ignoring
Couldn't find file 'thoracic5.vtp'.
Mesh thoracic6.vtp not connected to model..ignoring
Couldn't find file 'thoracic6.vtp'.
Mesh thoracic7.vtp not connected to model..ignoring
Couldn't find file 'thoracic7.vtp'.
Mesh thoracic8.vtp not connected to model..ignoring
Couldn't find file 'thoracic8.vtp'.
Mesh thoracic9.vtp not connected to model..ignoring
Couldn't find file 'thoracic9.vtp'.
Body 'T9' not connected by a Joint.
A FreeJoint will be added to connect it to ground.
Mesh skull.vtp not connected to model..ignoring
Mesh skull.vtp not connected to model..ignoring
Mesh jaw.vtp not connected to model..ignoring
Mesh skull.vtp not connected to model..ignoring
Mesh jaw.vtp not connected to model..ignoring
Mesh cerv1.vtp not connected to model..ignoring
Mesh skull.vtp not connected to model..ignoring
Mesh jaw.vtp not connected to model..ignoring
Mesh cerv1.vtp not connected to model..ignoring
Mesh cerv2.vtp not connected to model..ignoring
Mesh skull.vtp not connected to model..ignoring
Mesh jaw.vtp not connected to model..ignoring
Mesh cerv1.vtp not connected to model..ignoring
Mesh cerv2.vtp not connected to model..ignoring
Mesh cerv3.vtp not connected to model..ignoring
Mesh skull.vtp not connected to model..ignoring
Mesh jaw.vtp not connected to model..ignoring
Mesh cerv1.vtp not connected to model..ignoring
Mesh cerv2.vtp not connected to model..ignoring
Mesh cerv3.vtp not connected to model..ignoring
Mesh cerv4.vtp not connected to model..ignoring
Mesh skull.vtp not connected to model..ignoring
Mesh jaw.vtp not connected to model..ignoring
Mesh cerv1.vtp not connected to model..ignoring
Mesh cerv2.vtp not connected to model..ignoring
Mesh cerv3.vtp not connected to model..ignoring
Mesh cerv4.vtp not connected to model..ignoring
Mesh cerv5.vtp not connected to model..ignoring
Mesh skull.vtp not connected to model..ignoring
Mesh jaw.vtp not connected to model..ignoring
Mesh cerv1.vtp not connected to model..ignoring
Mesh cerv2.vtp not connected to model..ignoring
Mesh cerv3.vtp not connected to model..ignoring
Mesh cerv4.vtp not connected to model..ignoring
Mesh cerv5.vtp not connected to model..ignoring
Mesh cerv6.vtp not connected to model..ignoring
Mesh skull.vtp not connected to model..ignoring
Mesh jaw.vtp not connected to model..ignoring
Mesh cerv1.vtp not connected to model..ignoring
Mesh cerv2.vtp not connected to model..ignoring
Mesh cerv3.vtp not connected to model..ignoring
Mesh cerv4.vtp not connected to model..ignoring
Mesh cerv5.vtp not connected to model..ignoring
Mesh cerv6.vtp not connected to model..ignoring
Mesh cerv7.vtp not connected to model..ignoring
Couldn't find file 'skull.vtp'.
Couldn't find file 'jaw.vtp'.
Couldn't find file 'cerv1.vtp'.
Couldn't find file 'cerv2.vtp'.
Couldn't find file 'cerv3.vtp'.
Couldn't find file 'cerv4.vtp'.
Couldn't find file 'cerv5.vtp'.
Couldn't find file 'cerv6.vtp'.
Couldn't find file 'cerv7.vtp'.
Mesh thoracic1.vtp not connected to model..ignoring
Couldn't find file 'thoracic1.vtp'.
Mesh thoracic2.vtp not connected to model..ignoring
Couldn't find file 'thoracic2.vtp'.
Mesh thoracic3.vtp not connected to model..ignoring
Couldn't find file 'thoracic3.vtp'.
Mesh thoracic4.vtp not connected to model..ignoring
Couldn't find file 'thoracic4.vtp'.
Mesh thoracic5.vtp not connected to model..ignoring
Couldn't find file 'thoracic5.vtp'.
Mesh thoracic6.vtp not connected to model..ignoring
Couldn't find file 'thoracic6.vtp'.
Mesh thoracic7.vtp not connected to model..ignoring
Couldn't find file 'thoracic7.vtp'.
Mesh thoracic8.vtp not connected to model..ignoring
Couldn't find file 'thoracic8.vtp'.
Mesh thoracic9.vtp not connected to model..ignoring
Couldn't find file 'thoracic9.vtp'.
Mesh skull.vtp not connected to model..ignoring
Mesh skull.vtp not connected to model..ignoring
Mesh jaw.vtp not connected to model..ignoring
Mesh skull.vtp not connected to model..ignoring
Mesh jaw.vtp not connected to model..ignoring
Mesh cerv1.vtp not connected to model..ignoring
Mesh skull.vtp not connected to model..ignoring
Mesh jaw.vtp not connected to model..ignoring
Mesh cerv1.vtp not connected to model..ignoring
Mesh cerv2.vtp not connected to model..ignoring
Mesh skull.vtp not connected to model..ignoring
Mesh jaw.vtp not connected to model..ignoring
Mesh cerv1.vtp not connected to model..ignoring
Mesh cerv2.vtp not connected to model..ignoring
Mesh cerv3.vtp not connected to model..ignoring
Mesh skull.vtp not connected to model..ignoring
Mesh jaw.vtp not connected to model..ignoring
Mesh cerv1.vtp not connected to model..ignoring
Mesh cerv2.vtp not connected to model..ignoring
Mesh cerv3.vtp not connected to model..ignoring
Mesh cerv4.vtp not connected to model..ignoring
Mesh skull.vtp not connected to model..ignoring
Mesh jaw.vtp not connected to model..ignoring
Mesh cerv1.vtp not connected to model..ignoring
Mesh cerv2.vtp not connected to model..ignoring
Mesh cerv3.vtp not connected to model..ignoring
Mesh cerv4.vtp not connected to model..ignoring
Mesh cerv5.vtp not connected to model..ignoring
Mesh skull.vtp not connected to model..ignoring
Mesh jaw.vtp not connected to model..ignoring
Mesh cerv1.vtp not connected to model..ignoring
Mesh cerv2.vtp not connected to model..ignoring
Mesh cerv3.vtp not connected to model..ignoring
Mesh cerv4.vtp not connected to model..ignoring
Mesh cerv5.vtp not connected to model..ignoring
Mesh cerv6.vtp not connected to model..ignoring
Mesh skull.vtp not connected to model..ignoring
Mesh jaw.vtp not connected to model..ignoring
Mesh cerv1.vtp not connected to model..ignoring
Mesh cerv2.vtp not connected to model..ignoring
Mesh cerv3.vtp not connected to model..ignoring
Mesh cerv4.vtp not connected to model..ignoring
Mesh cerv5.vtp not connected to model..ignoring
Mesh cerv6.vtp not connected to model..ignoring
Mesh cerv7.vtp not connected to model..ignoring
Couldn't find file 'skull.vtp'.
Couldn't find file 'jaw.vtp'.
Couldn't find file 'cerv1.vtp'.
Couldn't find file 'cerv2.vtp'.
Couldn't find file 'cerv3.vtp'.
Couldn't find file 'cerv4.vtp'.
Couldn't find file 'cerv5.vtp'.
Couldn't find file 'cerv6.vtp'.
Couldn't find file 'cerv7.vtp'.
Mesh thoracic1.vtp not connected to model..ignoring
Couldn't find file 'thoracic1.vtp'.
Mesh thoracic2.vtp not connected to model..ignoring
Couldn't find file 'thoracic2.vtp'.
Mesh thoracic3.vtp not connected to model..ignoring
Couldn't find file 'thoracic3.vtp'.
Mesh thoracic4.vtp not connected to model..ignoring
Couldn't find file 'thoracic4.vtp'.
Mesh thoracic5.vtp not connected to model..ignoring
Couldn't find file 'thoracic5.vtp'.
Mesh thoracic6.vtp not connected to model..ignoring
Couldn't find file 'thoracic6.vtp'.
Mesh thoracic7.vtp not connected to model..ignoring
Couldn't find file 'thoracic7.vtp'.
Mesh thoracic8.vtp not connected to model..ignoring
Couldn't find file 'thoracic8.vtp'.
Mesh thoracic9.vtp not connected to model..ignoring
Couldn't find file 'thoracic9.vtp'.
Mesh thoracic10.vtp not connected to model..ignoring
Couldn't find file 'thoracic10.vtp'.
Mesh thoracic11.vtp not connected to model..ignoring
Couldn't find file 'thoracic11.vtp'.
Mesh thoracic12.vtp not connected to model..ignoring
Couldn't find file 'thoracic12.vtp'.
Mesh skull.vtp not connected to model..ignoring
Mesh skull.vtp not connected to model..ignoring
Mesh jaw.vtp not connected to model..ignoring
Mesh skull.vtp not connected to model..ignoring
Mesh jaw.vtp not connected to model..ignoring
Mesh cerv1.vtp not connected to model..ignoring
Mesh skull.vtp not connected to model..ignoring
Mesh jaw.vtp not connected to model..ignoring
Mesh cerv1.vtp not connected to model..ignoring
Mesh cerv2.vtp not connected to model..ignoring
Mesh skull.vtp not connected to model..ignoring
Mesh jaw.vtp not connected to model..ignoring
Mesh cerv1.vtp not connected to model..ignoring
Mesh cerv2.vtp not connected to model..ignoring
Mesh cerv3.vtp not connected to model..ignoring
Mesh skull.vtp not connected to model..ignoring
Mesh jaw.vtp not connected to model..ignoring
Mesh cerv1.vtp not connected to model..ignoring
Mesh cerv2.vtp not connected to model..ignoring
Mesh cerv3.vtp not connected to model..ignoring
Mesh cerv4.vtp not connected to model..ignoring
Mesh skull.vtp not connected to model..ignoring
Mesh jaw.vtp not connected to model..ignoring
Mesh cerv1.vtp not connected to model..ignoring
Mesh cerv2.vtp not connected to model..ignoring
Mesh cerv3.vtp not connected to model..ignoring
Mesh cerv4.vtp not connected to model..ignoring
Mesh cerv5.vtp not connected to model..ignoring
Mesh skull.vtp not connected to model..ignoring
Mesh jaw.vtp not connected to model..ignoring
Mesh cerv1.vtp not connected to model..ignoring
Mesh cerv2.vtp not connected to model..ignoring
Mesh cerv3.vtp not connected to model..ignoring
Mesh cerv4.vtp not connected to model..ignoring
Mesh cerv5.vtp not connected to model..ignoring
Mesh cerv6.vtp not connected to model..ignoring
Mesh skull.vtp not connected to model..ignoring
Mesh jaw.vtp not connected to model..ignoring
Mesh cerv1.vtp not connected to model..ignoring
Mesh cerv2.vtp not connected to model..ignoring
Mesh cerv3.vtp not connected to model..ignoring
Mesh cerv4.vtp not connected to model..ignoring
Mesh cerv5.vtp not connected to model..ignoring
Mesh cerv6.vtp not connected to model..ignoring
Mesh cerv7.vtp not connected to model..ignoring
Couldn't find file 'skull.vtp'.
Couldn't find file 'jaw.vtp'.
Couldn't find file 'cerv1.vtp'.
Couldn't find file 'cerv2.vtp'.
Couldn't find file 'cerv3.vtp'.
Couldn't find file 'cerv4.vtp'.
Couldn't find file 'cerv5.vtp'.
Couldn't find file 'cerv6.vtp'.
Couldn't find file 'cerv7.vtp'.
Mesh thoracic1.vtp not connected to model..ignoring
Couldn't find file 'thoracic1.vtp'.
Mesh thoracic2.vtp not connected to model..ignoring
Couldn't find file 'thoracic2.vtp'.
Mesh thoracic3.vtp not connected to model..ignoring
Couldn't find file 'thoracic3.vtp'.
Mesh thoracic4.vtp not connected to model..ignoring
Couldn't find file 'thoracic4.vtp'.
Mesh thoracic5.vtp not connected to model..ignoring
Couldn't find file 'thoracic5.vtp'.
Mesh thoracic6.vtp not connected to model..ignoring
Couldn't find file 'thoracic6.vtp'.
Mesh thoracic7.vtp not connected to model..ignoring
Couldn't find file 'thoracic7.vtp'.
Mesh thoracic8.vtp not connected to model..ignoring
Couldn't find file 'thoracic8.vtp'.
Mesh thoracic9.vtp not connected to model..ignoring
Couldn't find file 'thoracic9.vtp'.
Mesh thoracic10.vtp not connected to model..ignoring
Couldn't find file 'thoracic10.vtp'.
Mesh thoracic11.vtp not connected to model..ignoring
Couldn't find file 'thoracic11.vtp'.
Mesh thoracic12.vtp not connected to model..ignoring
Couldn't find file 'thoracic12.vtp'.
Mesh lumbar1.vtp not connected to model..ignoring
Couldn't find file 'lumbar1.vtp'.
Mesh skull.vtp not connected to model..ignoring
Mesh skull.vtp not connected to model..ignoring
Mesh jaw.vtp not connected to model..ignoring
Mesh skull.vtp not connected to model..ignoring
Mesh jaw.vtp not connected to model..ignoring
Mesh cerv1.vtp not connected to model..ignoring
Mesh skull.vtp not connected to model..ignoring
Mesh jaw.vtp not connected to model..ignoring
Mesh cerv1.vtp not connected to model..ignoring
Mesh cerv2.vtp not connected to model..ignoring
Mesh skull.vtp not connected to model..ignoring
Mesh jaw.vtp not connected to model..ignoring
Mesh cerv1.vtp not connected to model..ignoring
Mesh cerv2.vtp not connected to model..ignoring
Mesh cerv3.vtp not connected to model..ignoring
Mesh skull.vtp not connected to model..ignoring
Mesh jaw.vtp not connected to model..ignoring
Mesh cerv1.vtp not connected to model..ignoring
Mesh cerv2.vtp not connected to model..ignoring
Mesh cerv3.vtp not connected to model..ignoring
Mesh cerv4.vtp not connected to model..ignoring
Mesh skull.vtp not connected to model..ignoring
Mesh jaw.vtp not connected to model..ignoring
Mesh cerv1.vtp not connected to model..ignoring
Mesh cerv2.vtp not connected to model..ignoring
Mesh cerv3.vtp not connected to model..ignoring
Mesh cerv4.vtp not connected to model..ignoring
Mesh cerv5.vtp not connected to model..ignoring
Mesh skull.vtp not connected to model..ignoring
Mesh jaw.vtp not connected to model..ignoring
Mesh cerv1.vtp not connected to model..ignoring
Mesh cerv2.vtp not connected to model..ignoring
Mesh cerv3.vtp not connected to model..ignoring
Mesh cerv4.vtp not connected to model..ignoring
Mesh cerv5.vtp not connected to model..ignoring
Mesh cerv6.vtp not connected to model..ignoring
Mesh skull.vtp not connected to model..ignoring
Mesh jaw.vtp not connected to model..ignoring
Mesh cerv1.vtp not connected to model..ignoring
Mesh cerv2.vtp not connected to model..ignoring
Mesh cerv3.vtp not connected to model..ignoring
Mesh cerv4.vtp not connected to model..ignoring
Mesh cerv5.vtp not connected to model..ignoring
Mesh cerv6.vtp not connected to model..ignoring
Mesh cerv7.vtp not connected to model..ignoring
Couldn't find file 'skull.vtp'.
Couldn't find file 'jaw.vtp'.
Couldn't find file 'cerv1.vtp'.
Couldn't find file 'cerv2.vtp'.
Couldn't find file 'cerv3.vtp'.
Couldn't find file 'cerv4.vtp'.
Couldn't find file 'cerv5.vtp'.
Couldn't find file 'cerv6.vtp'.
Couldn't find file 'cerv7.vtp'.
Mesh thoracic1.vtp not connected to model..ignoring
Couldn't find file 'thoracic1.vtp'.
Mesh thoracic2.vtp not connected to model..ignoring
Couldn't find file 'thoracic2.vtp'.
Mesh thoracic3.vtp not connected to model..ignoring
Couldn't find file 'thoracic3.vtp'.
Mesh thoracic4.vtp not connected to model..ignoring
Couldn't find file 'thoracic4.vtp'.
Mesh thoracic5.vtp not connected to model..ignoring
Couldn't find file 'thoracic5.vtp'.
Mesh thoracic6.vtp not connected to model..ignoring
Couldn't find file 'thoracic6.vtp'.
Mesh thoracic7.vtp not connected to model..ignoring
Couldn't find file 'thoracic7.vtp'.
Mesh thoracic8.vtp not connected to model..ignoring
Couldn't find file 'thoracic8.vtp'.
Mesh thoracic9.vtp not connected to model..ignoring
Couldn't find file 'thoracic9.vtp'.
Mesh thoracic10.vtp not connected to model..ignoring
Couldn't find file 'thoracic10.vtp'.
Mesh thoracic11.vtp not connected to model..ignoring
Couldn't find file 'thoracic11.vtp'.
Mesh thoracic12.vtp not connected to model..ignoring
Couldn't find file 'thoracic12.vtp'.
Mesh lumbar1.vtp not connected to model..ignoring
Couldn't find file 'lumbar1.vtp'.
Mesh lumbar2.vtp not connected to model..ignoring
Couldn't find file 'lumbar2.vtp'.
Mesh skull.vtp not connected to model..ignoring
Mesh skull.vtp not connected to model..ignoring
Mesh jaw.vtp not connected to model..ignoring
Mesh skull.vtp not connected to model..ignoring
Mesh jaw.vtp not connected to model..ignoring
Mesh cerv1.vtp not connected to model..ignoring
Mesh skull.vtp not connected to model..ignoring
Mesh jaw.vtp not connected to model..ignoring
Mesh cerv1.vtp not connected to model..ignoring
Mesh cerv2.vtp not connected to model..ignoring
Mesh skull.vtp not connected to model..ignoring
Mesh jaw.vtp not connected to model..ignoring
Mesh cerv1.vtp not connected to model..ignoring
Mesh cerv2.vtp not connected to model..ignoring
Mesh cerv3.vtp not connected to model..ignoring
Mesh skull.vtp not connected to model..ignoring
Mesh jaw.vtp not connected to model..ignoring
Mesh cerv1.vtp not connected to model..ignoring
Mesh cerv2.vtp not connected to model..ignoring
Mesh cerv3.vtp not connected to model..ignoring
Mesh cerv4.vtp not connected to model..ignoring
Mesh skull.vtp not connected to model..ignoring
Mesh jaw.vtp not connected to model..ignoring
Mesh cerv1.vtp not connected to model..ignoring
Mesh cerv2.vtp not connected to model..ignoring
Mesh cerv3.vtp not connected to model..ignoring
Mesh cerv4.vtp not connected to model..ignoring
Mesh cerv5.vtp not connected to model..ignoring
Mesh skull.vtp not connected to model..ignoring
Mesh jaw.vtp not connected to model..ignoring
Mesh cerv1.vtp not connected to model..ignoring
Mesh cerv2.vtp not connected to model..ignoring
Mesh cerv3.vtp not connected to model..ignoring
Mesh cerv4.vtp not connected to model..ignoring
Mesh cerv5.vtp not connected to model..ignoring
Mesh cerv6.vtp not connected to model..ignoring
Mesh skull.vtp not connected to model..ignoring
Mesh jaw.vtp not connected to model..ignoring
Mesh cerv1.vtp not connected to model..ignoring
Mesh cerv2.vtp not connected to model..ignoring
Mesh cerv3.vtp not connected to model..ignoring
Mesh cerv4.vtp not connected to model..ignoring
Mesh cerv5.vtp not connected to model..ignoring
Mesh cerv6.vtp not connected to model..ignoring
Mesh cerv7.vtp not connected to model..ignoring
Couldn't find file 'skull.vtp'.
Couldn't find file 'jaw.vtp'.
Couldn't find file 'cerv1.vtp'.
Couldn't find file 'cerv2.vtp'.
Couldn't find file 'cerv3.vtp'.
Couldn't find file 'cerv4.vtp'.
Couldn't find file 'cerv5.vtp'.
Couldn't find file 'cerv6.vtp'.
Couldn't find file 'cerv7.vtp'.
Mesh thoracic1.vtp not connected to model..ignoring
Couldn't find file 'thoracic1.vtp'.
Mesh thoracic2.vtp not connected to model..ignoring
Couldn't find file 'thoracic2.vtp'.
Mesh thoracic3.vtp not connected to model..ignoring
Couldn't find file 'thoracic3.vtp'.
Mesh thoracic4.vtp not connected to model..ignoring
Couldn't find file 'thoracic4.vtp'.
Mesh thoracic5.vtp not connected to model..ignoring
Couldn't find file 'thoracic5.vtp'.
Mesh thoracic6.vtp not connected to model..ignoring
Couldn't find file 'thoracic6.vtp'.
Mesh thoracic7.vtp not connected to model..ignoring
Couldn't find file 'thoracic7.vtp'.
Mesh thoracic8.vtp not connected to model..ignoring
Couldn't find file 'thoracic8.vtp'.
Mesh thoracic9.vtp not connected to model..ignoring
Couldn't find file 'thoracic9.vtp'.
Mesh thoracic10.vtp not connected to model..ignoring
Couldn't find file 'thoracic10.vtp'.
Mesh thoracic11.vtp not connected to model..ignoring
Couldn't find file 'thoracic11.vtp'.
Mesh thoracic12.vtp not connected to model..ignoring
Couldn't find file 'thoracic12.vtp'.
Mesh lumbar1.vtp not connected to model..ignoring
Couldn't find file 'lumbar1.vtp'.
Mesh lumbar2.vtp not connected to model..ignoring
Couldn't find file 'lumbar2.vtp'.
Mesh lumbar3.vtp not connected to model..ignoring
Couldn't find file 'lumbar3.vtp'.
Mesh lumbar4.vtp not connected to model..ignoring
Couldn't find file 'lumbar4.vtp'.
Mesh lumbar5.vtp not connected to model..ignoring
Couldn't find file 'lumbar5.vtp'.
Mesh skull.vtp not connected to model..ignoring
Mesh skull.vtp not connected to model..ignoring
Mesh jaw.vtp not connected to model..ignoring
Mesh skull.vtp not connected to model..ignoring
Mesh jaw.vtp not connected to model..ignoring
Mesh cerv1.vtp not connected to model..ignoring
Mesh skull.vtp not connected to model..ignoring
Mesh jaw.vtp not connected to model..ignoring
Mesh cerv1.vtp not connected to model..ignoring
Mesh cerv2.vtp not connected to model..ignoring
Mesh skull.vtp not connected to model..ignoring
Mesh jaw.vtp not connected to model..ignoring
Mesh cerv1.vtp not connected to model..ignoring
Mesh cerv2.vtp not connected to model..ignoring
Mesh cerv3.vtp not connected to model..ignoring
Mesh skull.vtp not connected to model..ignoring
Mesh jaw.vtp not connected to model..ignoring
Mesh cerv1.vtp not connected to model..ignoring
Mesh cerv2.vtp not connected to model..ignoring
Mesh cerv3.vtp not connected to model..ignoring
Mesh cerv4.vtp not connected to model..ignoring
Mesh skull.vtp not connected to model..ignoring
Mesh jaw.vtp not connected to model..ignoring
Mesh cerv1.vtp not connected to model..ignoring
Mesh cerv2.vtp not connected to model..ignoring
Mesh cerv3.vtp not connected to model..ignoring
Mesh cerv4.vtp not connected to model..ignoring
Mesh cerv5.vtp not connected to model..ignoring
Mesh skull.vtp not connected to model..ignoring
Mesh jaw.vtp not connected to model..ignoring
Mesh cerv1.vtp not connected to model..ignoring
Mesh cerv2.vtp not connected to model..ignoring
Mesh cerv3.vtp not connected to model..ignoring
Mesh cerv4.vtp not connected to model..ignoring
Mesh cerv5.vtp not connected to model..ignoring
Mesh cerv6.vtp not connected to model..ignoring
Mesh skull.vtp not connected to model..ignoring
Mesh jaw.vtp not connected to model..ignoring
Mesh cerv1.vtp not connected to model..ignoring
Mesh cerv2.vtp not connected to model..ignoring
Mesh cerv3.vtp not connected to model..ignoring
Mesh cerv4.vtp not connected to model..ignoring
Mesh cerv5.vtp not connected to model..ignoring
Mesh cerv6.vtp not connected to model..ignoring
Mesh cerv7.vtp not connected to model..ignoring
Couldn't find file 'skull.vtp'.
Couldn't find file 'jaw.vtp'.
Couldn't find file 'cerv1.vtp'.
Couldn't find file 'cerv2.vtp'.
Couldn't find file 'cerv3.vtp'.
Couldn't find file 'cerv4.vtp'.
Couldn't find file 'cerv5.vtp'.
Couldn't find file 'cerv6.vtp'.
Couldn't find file 'cerv7.vtp'.
Mesh thoracic1.vtp not connected to model..ignoring
Couldn't find file 'thoracic1.vtp'.
Mesh thoracic2.vtp not connected to model..ignoring
Couldn't find file 'thoracic2.vtp'.
Mesh thoracic3.vtp not connected to model..ignoring
Couldn't find file 'thoracic3.vtp'.
Mesh thoracic4.vtp not connected to model..ignoring
Couldn't find file 'thoracic4.vtp'.
Mesh thoracic5.vtp not connected to model..ignoring
Couldn't find file 'thoracic5.vtp'.
Mesh thoracic6.vtp not connected to model..ignoring
Couldn't find file 'thoracic6.vtp'.
Mesh thoracic7.vtp not connected to model..ignoring
Couldn't find file 'thoracic7.vtp'.
Mesh thoracic8.vtp not connected to model..ignoring
Couldn't find file 'thoracic8.vtp'.
Mesh thoracic9.vtp not connected to model..ignoring
Couldn't find file 'thoracic9.vtp'.
Mesh thoracic10.vtp not connected to model..ignoring
Couldn't find file 'thoracic10.vtp'.
Mesh thoracic11.vtp not connected to model..ignoring
Couldn't find file 'thoracic11.vtp'.
Mesh thoracic12.vtp not connected to model..ignoring
Couldn't find file 'thoracic12.vtp'.
Mesh lumbar1.vtp not connected to model..ignoring
Couldn't find file 'lumbar1.vtp'.
Mesh lumbar2.vtp not connected to model..ignoring
Couldn't find file 'lumbar2.vtp'.
Mesh lumbar3.vtp not connected to model..ignoring
Couldn't find file 'lumbar3.vtp'.
Mesh lumbar4.vtp not connected to model..ignoring
Couldn't find file 'lumbar4.vtp'.
Mesh lumbar5.vtp not connected to model..ignoring
Couldn't find file 'lumbar5.vtp'.
Mesh r_pelvis.vtp not connected to model..ignoring
Mesh r_pelvis.vtp not connected to model..ignoring
Mesh l_pelvis.vtp not connected to model..ignoring
Mesh r_pelvis.vtp not connected to model..ignoring
Mesh l_pelvis.vtp not connected to model..ignoring
Mesh sacrum.vtp not connected to model..ignoring
Mesh skull.vtp not connected to model..ignoring
Mesh skull.vtp not connected to model..ignoring
Mesh jaw.vtp not connected to model..ignoring
Mesh skull.vtp not connected to model..ignoring
Mesh jaw.vtp not connected to model..ignoring
Mesh cerv1.vtp not connected to model..ignoring
Mesh skull.vtp not connected to model..ignoring
Mesh jaw.vtp not connected to model..ignoring
Mesh cerv1.vtp not connected to model..ignoring
Mesh cerv2.vtp not connected to model..ignoring
Mesh skull.vtp not connected to model..ignoring
Mesh jaw.vtp not connected to model..ignoring
Mesh cerv1.vtp not connected to model..ignoring
Mesh cerv2.vtp not connected to model..ignoring
Mesh cerv3.vtp not connected to model..ignoring
Mesh skull.vtp not connected to model..ignoring
Mesh jaw.vtp not connected to model..ignoring
Mesh cerv1.vtp not connected to model..ignoring
Mesh cerv2.vtp not connected to model..ignoring
Mesh cerv3.vtp not connected to model..ignoring
Mesh cerv4.vtp not connected to model..ignoring
Mesh skull.vtp not connected to model..ignoring
Mesh jaw.vtp not connected to model..ignoring
Mesh cerv1.vtp not connected to model..ignoring
Mesh cerv2.vtp not connected to model..ignoring
Mesh cerv3.vtp not connected to model..ignoring
Mesh cerv4.vtp not connected to model..ignoring
Mesh cerv5.vtp not connected to model..ignoring
Mesh skull.vtp not connected to model..ignoring
Mesh jaw.vtp not connected to model..ignoring
Mesh cerv1.vtp not connected to model..ignoring
Mesh cerv2.vtp not connected to model..ignoring
Mesh cerv3.vtp not connected to model..ignoring
Mesh cerv4.vtp not connected to model..ignoring
Mesh cerv5.vtp not connected to model..ignoring
Mesh cerv6.vtp not connected to model..ignoring
Mesh skull.vtp not connected to model..ignoring
Mesh jaw.vtp not connected to model..ignoring
Mesh cerv1.vtp not connected to model..ignoring
Mesh cerv2.vtp not connected to model..ignoring
Mesh cerv3.vtp not connected to model..ignoring
Mesh cerv4.vtp not connected to model..ignoring
Mesh cerv5.vtp not connected to model..ignoring
Mesh cerv6.vtp not connected to model..ignoring
Mesh cerv7.vtp not connected to model..ignoring
Couldn't find file 'skull.vtp'.
Couldn't find file 'jaw.vtp'.
Couldn't find file 'cerv1.vtp'.
Couldn't find file 'cerv2.vtp'.
Couldn't find file 'cerv3.vtp'.
Couldn't find file 'cerv4.vtp'.
Couldn't find file 'cerv5.vtp'.
Couldn't find file 'cerv6.vtp'.
Couldn't find file 'cerv7.vtp'.
Mesh thoracic1.vtp not connected to model..ignoring
Couldn't find file 'thoracic1.vtp'.
Mesh thoracic2.vtp not connected to model..ignoring
Couldn't find file 'thoracic2.vtp'.
Mesh thoracic3.vtp not connected to model..ignoring
Couldn't find file 'thoracic3.vtp'.
Mesh thoracic4.vtp not connected to model..ignoring
Couldn't find file 'thoracic4.vtp'.
Mesh thoracic5.vtp not connected to model..ignoring
Couldn't find file 'thoracic5.vtp'.
Mesh thoracic6.vtp not connected to model..ignoring
Couldn't find file 'thoracic6.vtp'.
Mesh thoracic7.vtp not connected to model..ignoring
Couldn't find file 'thoracic7.vtp'.
Mesh thoracic8.vtp not connected to model..ignoring
Couldn't find file 'thoracic8.vtp'.
Mesh thoracic9.vtp not connected to model..ignoring
Couldn't find file 'thoracic9.vtp'.
Mesh thoracic10.vtp not connected to model..ignoring
Couldn't find file 'thoracic10.vtp'.
Mesh thoracic11.vtp not connected to model..ignoring
Couldn't find file 'thoracic11.vtp'.
Mesh thoracic12.vtp not connected to model..ignoring
Couldn't find file 'thoracic12.vtp'.
Mesh lumbar1.vtp not connected to model..ignoring
Couldn't find file 'lumbar1.vtp'.
Mesh lumbar2.vtp not connected to model..ignoring
Couldn't find file 'lumbar2.vtp'.
Mesh lumbar3.vtp not connected to model..ignoring
Couldn't find file 'lumbar3.vtp'.
Mesh lumbar4.vtp not connected to model..ignoring
Couldn't find file 'lumbar4.vtp'.
Mesh lumbar5.vtp not connected to model..ignoring
Couldn't find file 'lumbar5.vtp'.
Mesh r_pelvis.vtp not connected to model..ignoring
Mesh r_pelvis.vtp not connected to model..ignoring
Mesh l_pelvis.vtp not connected to model..ignoring
Mesh r_pelvis.vtp not connected to model..ignoring
Mesh l_pelvis.vtp not connected to model..ignoring
Mesh sacrum.vtp not connected to model..ignoring
