Mesh skull.vtp not connected to model..ignoring
Mesh skull.vtp not connected to model..ignoring
Mesh jaw.vtp not connected to model..ignoring
Mesh skull.vtp not connected to model..ignoring
Mesh jaw.vtp not connected to model..ignoring
Mesh cerv1.vtp not connected to model..ignoring
Mesh skull.vtp not connected to model..ignoring
Mesh jaw.vtp not connected to model..ignoring
Mesh cerv1.vtp not connected to model..ignoring
Mesh cerv2.vtp not connected to model..ignoring
Mesh skull.vtp not connected to model..ignoring
Mesh jaw.vtp not connected to model..ignoring
Mesh cerv1.vtp not connected to model..ignoring
Mesh cerv2.vtp not connected to model..ignoring
Mesh cerv3.vtp not connected to model..ignoring
Mesh skull.vtp not connected to model..ignoring
Mesh jaw.vtp not connected to model..ignoring
Mesh cerv1.vtp not connected to model..ignoring
Mesh cerv2.vtp not connected to model..ignoring
Mesh cerv3.vtp not connected to model..ignoring
Mesh cerv4.vtp not connected to model..ignoring
Mesh skull.vtp not connected to model..ignoring
Mesh jaw.vtp not connected to model..ignoring
Mesh cerv1.vtp not connected to model..ignoring
Mesh cerv2.vtp not connected to model..ignoring
Mesh cerv3.vtp not connected to model..ignoring
Mesh cerv4.vtp not connected to model..ignoring
Mesh cerv5.vtp not connected to model..ignoring
Mesh skull.vtp not connected to model..ignoring
Mesh jaw.vtp not connected to model..ignoring
Mesh cerv1.vtp not connected to model..ignoring
Mesh cerv2.vtp not connected to model..ignoring
Mesh cerv3.vtp not connected to model..ignoring
Mesh cerv4.vtp not connected to model..ignoring
Mesh cerv5.vtp not connected to model..ignoring
Mesh cerv6.vtp not connected to model..ignoring
Mesh skull.vtp not connected to model..ignoring
Mesh jaw.vtp not connected to model..ignoring
Mesh cerv1.vtp not connected to model..ignoring
Mesh cerv2.vtp not connected to model..ignoring
Mesh cerv3.vtp not connected to model..ignoring
Mesh cerv4.vtp not connected to model..ignoring
Mesh cerv5.vtp not connected to model..ignoring
Mesh cerv6.vtp not connected to model..ignoring
Mesh cerv7.vtp not connected to model..ignoring
Couldn't find file 'skull.vtp'.
Couldn't find file 'jaw.vtp'.
Couldn't find file 'cerv1.vtp'.
Couldn't find file 'cerv2.vtp'.
Couldn't find file 'cerv3.vtp'.
Couldn't find file 'cerv4.vtp'.
Couldn't find file 'cerv5.vtp'.
Couldn't find file 'cerv6.vtp'.
Couldn't find file 'cerv7.vtp'.
Mesh thoracic1.vtp not connected to model..ignoring
Couldn't find file 'thoracic1.vtp'.
Mesh thoracic2.vtp not connected to model..ignoring
Couldn't find file 'thoracic2.vtp'.
Mesh thoracic3.vtp not connected to model..ignoring
Couldn't find file 'thoracic3.vtp'.
Mesh thoracic4.vtp not connected to model..ignoring
Couldn't find file 'thoracic4.vtp'.
Mesh thoracic5.vtp not connected to model..ignoring
Couldn't find file 'thoracic5.vtp'.
Mesh thoracic6.vtp not connected to model..ignoring
Couldn't find file 'thoracic6.vtp'.
Mesh thoracic7.vtp not connected to model..ignoring
Couldn't find file 'thoracic7.vtp'.
Mesh thoracic8.vtp not connected to model..ignoring
Couldn't find file 'thoracic8.vtp'.
Mesh thoracic9.vtp not connected to model..ignoring
Couldn't find file 'thoracic9.vtp'.
Mesh thoracic10.vtp not connected to model..ignoring
Couldn't find file 'thoracic10.vtp'.
Mesh thoracic11.vtp not connected to model..ignoring
Couldn't find file 'thoracic11.vtp'.
Mesh thoracic12.vtp not connected to model..ignoring
Couldn't find file 'thoracic12.vtp'.
Mesh lumbar1.vtp not connected to model..ignoring
Couldn't find file 'lumbar1.vtp'.
Mesh lumbar2.vtp not connected to model..ignoring
Couldn't find file 'lumbar2.vtp'.
Mesh lumbar3.vtp not connected to model..ignoring
Couldn't find file 'lumbar3.vtp'.
Mesh lumbar4.vtp not connected to model..ignoring
Couldn't find file 'lumbar4.vtp'.
Mesh lumbar5.vtp not connected to model..ignoring
Couldn't find file 'lumbar5.vtp'.
Mesh r_pelvis.vtp not connected to model..ignoring
Mesh r_pelvis.vtp not connected to model..ignoring
Mesh l_pelvis.vtp not connected to model..ignoring
Mesh r_pelvis.vtp not connected to model..ignoring
Mesh l_pelvis.vtp not connected to model..ignoring
Mesh sacrum.vtp not connected to model..ignoring
Couldn't find file 'r_pelvis.vtp'.
Couldn't find file 'l_pelvis.vtp'.
Couldn't find file 'sacrum.vtp'.
Mesh Rib1R.vtp not connected to model..ignoring
Couldn't find file 'Rib1R.vtp'.
Mesh skull.vtp not connected to model..ignoring
Mesh skull.vtp not connected to model..ignoring
Mesh jaw.vtp not connected to model..ignoring
Mesh skull.vtp not connected to model..ignoring
Mesh jaw.vtp not connected to model..ignoring
Mesh cerv1.vtp not connected to model..ignoring
Mesh skull.vtp not connected to model..ignoring
Mesh jaw.vtp not connected to model..ignoring
Mesh cerv1.vtp not connected to model..ignoring
Mesh cerv2.vtp not connected to model..ignoring
Mesh skull.vtp not connected to model..ignoring
Mesh jaw.vtp not connected to model..ignoring
Mesh cerv1.vtp not connected to model..ignoring
Mesh cerv2.vtp not connected to model..ignoring
Mesh cerv3.vtp not connected to model..ignoring
Mesh skull.vtp not connected to model..ignoring
Mesh jaw.vtp not connected to model..ignoring
Mesh cerv1.vtp not connected to model..ignoring
Mesh cerv2.vtp not connected to model..ignoring
Mesh cerv3.vtp not connected to model..ignoring
Mesh cerv4.vtp not connected to model..ignoring
Mesh skull.vtp not connected to model..ignoring
Mesh jaw.vtp not connected to model..ignoring
Mesh cerv1.vtp not connected to model..ignoring
Mesh cerv2.vtp not connected to model..ignoring
Mesh cerv3.vtp not connected to model..ignoring
Mesh cerv4.vtp not connected to model..ignoring
Mesh cerv5.vtp not connected to model..ignoring
Mesh skull.vtp not connected to model..ignoring
Mesh jaw.vtp not connected to model..ignoring
Mesh cerv1.vtp not connected to model..ignoring
Mesh cerv2.vtp not connected to model..ignoring
Mesh cerv3.vtp not connected to model..ignoring
Mesh cerv4.vtp not connected to model..ignoring
Mesh cerv5.vtp not connected to model..ignoring
Mesh cerv6.vtp not connected to model..ignoring
Mesh skull.vtp not connected to model..ignoring
Mesh jaw.vtp not connected to model..ignoring
Mesh cerv1.vtp not connected to model..ignoring
Mesh cerv2.vtp not connected to model..ignoring
Mesh cerv3.vtp not connected to model..ignoring
Mesh cerv4.vtp not connected to model..ignoring
Mesh cerv5.vtp not connected to model..ignoring
Mesh cerv6.vtp not connected to model..ignoring
Mesh cerv7.vtp not connected to model..ignoring
Couldn't find file 'skull.vtp'.
Couldn't find file 'jaw.vtp'.
Couldn't find file 'cerv1.vtp'.
Couldn't find file 'cerv2.vtp'.
Couldn't find file 'cerv3.vtp'.
Couldn't find file 'cerv4.vtp'.
Couldn't find file 'cerv5.vtp'.
Couldn't find file 'cerv6.vtp'.
Couldn't find file 'cerv7.vtp'.
Mesh thoracic1.vtp not connected to model..ignoring
Couldn't find file 'thoracic1.vtp'.
Mesh thoracic2.vtp not connected to model..ignoring
Couldn't find file 'thoracic2.vtp'.
Mesh thoracic3.vtp not connected to model..ignoring
Couldn't find file 'thoracic3.vtp'.
Mesh thoracic4.vtp not connected to model..ignoring
Couldn't find file 'thoracic4.vtp'.
Mesh thoracic5.vtp not connected to model..ignoring
Couldn't find file 'thoracic5.vtp'.
Mesh thoracic6.vtp not connected to model..ignoring
Couldn't find file 'thoracic6.vtp'.
Mesh thoracic7.vtp not connected to model..ignoring
Couldn't find file 'thoracic7.vtp'.
Mesh thoracic8.vtp not connected to model..ignoring
Couldn't find file 'thoracic8.vtp'.
Mesh thoracic9.vtp not connected to model..ignoring
Couldn't find file 'thoracic9.vtp'.
Mesh thoracic10.vtp not connected to model..ignoring
Couldn't find file 'thoracic10.vtp'.
Mesh thoracic11.vtp not connected to model..ignoring
Couldn't find file 'thoracic11.vtp'.
Mesh thoracic12.vtp not connected to model..ignoring
Couldn't find file 'thoracic12.vtp'.
Mesh lumbar1.vtp not connected to model..ignoring
Couldn't find file 'lumbar1.vtp'.
Mesh lumbar2.vtp not connected to model..ignoring
Couldn't find file 'lumbar2.vtp'.
Mesh lumbar3.vtp not connected to model..ignoring
Couldn't find file 'lumbar3.vtp'.
Mesh lumbar4.vtp not connected to model..ignoring
Couldn't find file 'lumbar4.vtp'.
Mesh lumbar5.vtp not connected to model..ignoring
Couldn't find file 'lumbar5.vtp'.
Mesh r_pelvis.vtp not connected to model..ignoring
Mesh r_pelvis.vtp not connected to model..ignoring
Mesh l_pelvis.vtp not connected to model..ignoring
Mesh r_pelvis.vtp not connected to model..ignoring
Mesh l_pelvis.vtp not connected to model..ignoring
Mesh sacrum.vtp not connected to model..ignoring
Couldn't find file 'r_pelvis.vtp'.
Couldn't find file 'l_pelvis.vtp'.
Couldn't find file 'sacrum.vtp'.
Mesh Rib1R.vtp not connected to model..ignoring
Couldn't find file 'Rib1R.vtp'.
Mesh Rib2R.vtp not connected to model..ignoring
Couldn't find file 'Rib2R.vtp'.
Mesh Rib3R.vtp not connected to model..ignoring
Couldn't find file 'Rib3R.vtp'.
Mesh Rib4R.vtp not connected to model..ignoring
Couldn't find file 'Rib4R.vtp'.
Mesh skull.vtp not connected to model..ignoring
Mesh skull.vtp not connected to model..ignoring
Mesh jaw.vtp not connected to model..ignoring
Mesh skull.vtp not connected to model..ignoring
Mesh jaw.vtp not connected to model..ignoring
Mesh cerv1.vtp not connected to model..ignoring
Mesh skull.vtp not connected to model..ignoring
Mesh jaw.vtp not connected to model..ignoring
Mesh cerv1.vtp not connected to model..ignoring
Mesh cerv2.vtp not connected to model..ignoring
Mesh skull.vtp not connected to model..ignoring
Mesh jaw.vtp not connected to model..ignoring
Mesh cerv1.vtp not connected to model..ignoring
Mesh cerv2.vtp not connected to model..ignoring
Mesh cerv3.vtp not connected to model..ignoring
Mesh skull.vtp not connected to model..ignoring
Mesh jaw.vtp not connected to model..ignoring
Mesh cerv1.vtp not connected to model..ignoring
Mesh cerv2.vtp not connected to model..ignoring
Mesh cerv3.vtp not connected to model..ignoring
Mesh cerv4.vtp not connected to model..ignoring
Mesh skull.vtp not connected to model..ignoring
Mesh jaw.vtp not connected to model..ignoring
Mesh cerv1.vtp not connected to model..ignoring
Mesh cerv2.vtp not connected to model..ignoring
Mesh cerv3.vtp not connected to model..ignoring
Mesh cerv4.vtp not connected to model..ignoring
Mesh cerv5.vtp not connected to model..ignoring
Mesh skull.vtp not connected to model..ignoring
Mesh jaw.vtp not connected to model..ignoring
Mesh cerv1.vtp not connected to model..ignoring
Mesh cerv2.vtp not connected to model..ignoring
Mesh cerv3.vtp not connected to model..ignoring
Mesh cerv4.vtp not connected to model..ignoring
Mesh cerv5.vtp not connected to model..ignoring
Mesh cerv6.vtp not connected to model..ignoring
Mesh skull.vtp not connected to model..ignoring
Mesh jaw.vtp not connected to model..ignoring
Mesh cerv1.vtp not connected to model..ignoring
Mesh cerv2.vtp not connected to model..ignoring
Mesh cerv3.vtp not connected to model..ignoring
Mesh cerv4.vtp not connected to model..ignoring
Mesh cerv5.vtp not connected to model..ignoring
Mesh cerv6.vtp not connected to model..ignoring
Mesh cerv7.vtp not connected to model..ignoring
Couldn't find file 'skull.vtp'.
Couldn't find file 'jaw.vtp'.
Couldn't find file 'cerv1.vtp'.
Couldn't find file 'cerv2.vtp'.
Couldn't find file 'cerv3.vtp'.
Couldn't find file 'cerv4.vtp'.
Couldn't find file 'cerv5.vtp'.
Couldn't find file 'cerv6.vtp'.
Couldn't find file 'cerv7.vtp'.
Mesh thoracic1.vtp not connected to model..ignoring
Couldn't find file 'thoracic1.vtp'.
Mesh thoracic2.vtp not connected to model..ignoring
Couldn't find file 'thoracic2.vtp'.
Mesh thoracic3.vtp not connected to model..ignoring
Couldn't find file 'thoracic3.vtp'.
Mesh thoracic4.vtp not connected to model..ignoring
Couldn't find file 'thoracic4.vtp'.
Mesh thoracic5.vtp not connected to model..ignoring
Couldn't find file 'thoracic5.vtp'.
Mesh thoracic6.vtp not connected to model..ignoring
Couldn't find file 'thoracic6.vtp'.
Mesh thoracic7.vtp not connected to model..ignoring
Couldn't find file 'thoracic7.vtp'.
Mesh thoracic8.vtp not connected to model..ignoring
Couldn't find file 'thoracic8.vtp'.
Mesh thoracic9.vtp not connected to model..ignoring
Couldn't find file 'thoracic9.vtp'.
Mesh thoracic10.vtp not connected to model..ignoring
Couldn't find file 'thoracic10.vtp'.
Mesh thoracic11.vtp not connected to model..ignoring
Couldn't find file 'thoracic11.vtp'.
Mesh thoracic12.vtp not connected to model..ignoring
Couldn't find file 'thoracic12.vtp'.
Mesh lumbar1.vtp not connected to model..ignoring
Couldn't find file 'lumbar1.vtp'.
Mesh lumbar2.vtp not connected to model..ignoring
Couldn't find file 'lumbar2.vtp'.
Mesh lumbar3.vtp not connected to model..ignoring
Couldn't find file 'lumbar3.vtp'.
Mesh lumbar4.vtp not connected to model..ignoring
Couldn't find file 'lumbar4.vtp'.
Mesh lumbar5.vtp not connected to model..ignoring
Couldn't find file 'lumbar5.vtp'.
Mesh r_pelvis.vtp not connected to model..ignoring
Mesh r_pelvis.vtp not connected to model..ignoring
Mesh l_pelvis.vtp not connected to model..ignoring
Mesh r_pelvis.vtp not connected to model..ignoring
Mesh l_pelvis.vtp not connected to model..ignoring
Mesh sacrum.vtp not connected to model..ignoring
Couldn't find file 'r_pelvis.vtp'.
Couldn't find file 'l_pelvis.vtp'.
Couldn't find file 'sacrum.vtp'.
Mesh Rib1R.vtp not connected to model..ignoring
Couldn't find file 'Rib1R.vtp'.
Mesh Rib2R.vtp not connected to model..ignoring
Couldn't find file 'Rib2R.vtp'.
Mesh Rib3R.vtp not connected to model..ignoring
Couldn't find file 'Rib3R.vtp'.
Mesh Rib4R.vtp not connected to model..ignoring
Couldn't find file 'Rib4R.vtp'.
Mesh Rib5R.vtp not connected to model..ignoring
Couldn't find file 'Rib5R.vtp'.
Mesh Rib6R.vtp not connected to model..ignoring
Couldn't find file 'Rib6R.vtp'.
Mesh Rib7R.vtp not connected to model..ignoring
Couldn't find file 'Rib7R.vtp'.
Mesh Rib8R.vtp not connected to model..ignoring
Couldn't find file 'Rib8R.vtp'.
Mesh Rib9R.vtp not connected to model..ignoring
Couldn't find file 'Rib9R.vtp'.
Mesh Rib10R.vtp not connected to model..ignoring
Couldn't find file 'Rib10R.vtp'.
Mesh Rib11R.vtp not connected to model..ignoring
Couldn't find file 'Rib11R.vtp'.
Mesh Rib12R.vtp not connected to model..ignoring
Couldn't find file 'Rib12R.vtp'.
Mesh skull.vtp not connected to model..ignoring
Mesh skull.vtp not connected to model..ignoring
Mesh jaw.vtp not connected to model..ignoring
Mesh skull.vtp not connected to model..ignoring
Mesh jaw.vtp not connected to model..ignoring
Mesh cerv1.vtp not connected to model..ignoring
Mesh skull.vtp not connected to model..ignoring
Mesh jaw.vtp not connected to model..ignoring
Mesh cerv1.vtp not connected to model..ignoring
Mesh cerv2.vtp not connected to model..ignoring
Mesh skull.vtp not connected to model..ignoring
Mesh jaw.vtp not connected to model..ignoring
Mesh cerv1.vtp not connected to model..ignoring
Mesh cerv2.vtp not connected to model..ignoring
Mesh cerv3.vtp not connected to model..ignoring
Mesh skull.vtp not connected to model..ignoring
Mesh jaw.vtp not connected to model..ignoring
Mesh cerv1.vtp not connected to model..ignoring
Mesh cerv2.vtp not connected to model..ignoring
Mesh cerv3.vtp not connected to model..ignoring
Mesh cerv4.vtp not connected to model..ignoring
Mesh skull.vtp not connected to model..ignoring
Mesh jaw.vtp not connected to model..ignoring
Mesh cerv1.vtp not connected to model..ignoring
Mesh cerv2.vtp not connected to model..ignoring
Mesh cerv3.vtp not connected to model..ignoring
Mesh cerv4.vtp not connected to model..ignoring
Mesh cerv5.vtp not connected to model..ignoring
Mesh skull.vtp not connected to model..ignoring
Mesh jaw.vtp not connected to model..ignoring
Mesh cerv1.vtp not connected to model..ignoring
Mesh cerv2.vtp not connected to model..ignoring
Mesh cerv3.vtp not connected to model..ignoring
Mesh cerv4.vtp not connected to model..ignoring
Mesh cerv5.vtp not connected to model..ignoring
Mesh cerv6.vtp not connected to model..ignoring
Mesh skull.vtp not connected to model..ignoring
Mesh jaw.vtp not connected to model..ignoring
Mesh cerv1.vtp not connected to model..ignoring
Mesh cerv2.vtp not connected to model..ignoring
Mesh cerv3.vtp not connected to model..ignoring
Mesh cerv4.vtp not connected to model..ignoring
Mesh cerv5.vtp not connected to model..ignoring
Mesh cerv6.vtp not connected to model..ignoring
Mesh cerv7.vtp not connected to model..ignoring
Couldn't find file 'skull.vtp'.
Couldn't find file 'jaw.vtp'.
Couldn't find file 'cerv1.vtp'.
Couldn't find file 'cerv2.vtp'.
Couldn't find file 'cerv3.vtp'.
Couldn't find file 'cerv4.vtp'.
Couldn't find file 'cerv5.vtp'.
Couldn't find file 'cerv6.vtp'.
Couldn't find file 'cerv7.vtp'.
Mesh thoracic1.vtp not connected to model..ignoring
Couldn't find file 'thoracic1.vtp'.
Mesh thoracic2.vtp not connected to model..ignoring
Couldn't find file 'thoracic2.vtp'.
Mesh thoracic3.vtp not connected to model..ignoring
Couldn't find file 'thoracic3.vtp'.
Mesh thoracic4.vtp not connected to model..ignoring
Couldn't find file 'thoracic4.vtp'.
Mesh thoracic5.vtp not connected to model..ignoring
Couldn't find file 'thoracic5.vtp'.
Mesh thoracic6.vtp not connected to model..ignoring
Couldn't find file 'thoracic6.vtp'.
Mesh thoracic7.vtp not connected to model..ignoring
Couldn't find file 'thoracic7.vtp'.
Mesh thoracic8.vtp not connected to model..ignoring
Couldn't find file 'thoracic8.vtp'.
Mesh thoracic9.vtp not connected to model..ignoring
Couldn't find file 'thoracic9.vtp'.
Mesh thoracic10.vtp not connected to model..ignoring
Couldn't find file 'thoracic10.vtp'.
Mesh thoracic11.vtp not connected to model..ignoring
Couldn't find file 'thoracic11.vtp'.
Mesh thoracic12.vtp not connected to model..ignoring
Couldn't find file 'thoracic12.vtp'.
Mesh lumbar1.vtp not connected to model..ignoring
Couldn't find file 'lumbar1.vtp'.
Mesh lumbar2.vtp not connected to model..ignoring
Couldn't find file 'lumbar2.vtp'.
Mesh lumbar3.vtp not connected to model..ignoring
Couldn't find file 'lumbar3.vtp'.
Mesh lumbar4.vtp not connected to model..ignoring
Couldn't find file 'lumbar4.vtp'.
Mesh lumbar5.vtp not connected to model..ignoring
Couldn't find file 'lumbar5.vtp'.
Mesh r_pelvis.vtp not connected to model..ignoring
Mesh r_pelvis.vtp not connected to model..ignoring
Mesh l_pelvis.vtp not connected to model..ignoring
Mesh r_pelvis.vtp not connected to model..ignoring
Mesh l_pelvis.vtp not connected to model..ignoring
Mesh sacrum.vtp not connected to model..ignoring
Couldn't find file 'r_pelvis.vtp'.
Couldn't find file 'l_pelvis.vtp'.
Couldn't find file 'sacrum.vtp'.
Mesh Rib1R.vtp not connected to model..ignoring
Couldn't find file 'Rib1R.vtp'.
Mesh Rib2R.vtp not connected to model..ignoring
Couldn't find file 'Rib2R.vtp'.
Mesh Rib3R.vtp not connected to model..ignoring
Couldn't find file 'Rib3R.vtp'.
Mesh Rib4R.vtp not connected to model..ignoring
Couldn't find file 'Rib4R.vtp'.
Mesh Rib5R.vtp not connected to model..ignoring
Couldn't find file 'Rib5R.vtp'.
Mesh Rib6R.vtp not connected to model..ignoring
Couldn't find file 'Rib6R.vtp'.
Mesh Rib7R.vtp not connected to model..ignoring
Couldn't find file 'Rib7R.vtp'.
Mesh Rib8R.vtp not connected to model..ignoring
Couldn't find file 'Rib8R.vtp'.
Mesh Rib9R.vtp not connected to model..ignoring
Couldn't find file 'Rib9R.vtp'.
Mesh Rib10R.vtp not connected to model..ignoring
Couldn't find file 'Rib10R.vtp'.
Mesh Rib11R.vtp not connected to model..ignoring
Couldn't find file 'Rib11R.vtp'.
Mesh Rib12R.vtp not connected to model..ignoring
Couldn't find file 'Rib12R.vtp'.
Mesh skull.vtp not connected to model..ignoring
Mesh skull.vtp not connected to model..ignoring
Mesh jaw.vtp not connected to model..ignoring
Mesh skull.vtp not connected to model..ignoring
Mesh jaw.vtp not connected to model..ignoring
Mesh cerv1.vtp not connected to model..ignoring
Mesh skull.vtp not connected to model..ignoring
Mesh jaw.vtp not connected to model..ignoring
Mesh cerv1.vtp not connected to model..ignoring
Mesh cerv2.vtp not connected to model..ignoring
Mesh skull.vtp not connected to model..ignoring
Mesh jaw.vtp not connected to model..ignoring
Mesh cerv1.vtp not connected to model..ignoring
Mesh cerv2.vtp not connected to model..ignoring
Mesh cerv3.vtp not connected to model..ignoring
Mesh skull.vtp not connected to model..ignoring
Mesh jaw.vtp not connected to model..ignoring
Mesh cerv1.vtp not connected to model..ignoring
Mesh cerv2.vtp not connected to model..ignoring
Mesh cerv3.vtp not connected to model..ignoring
Mesh cerv4.vtp not connected to model..ignoring
Mesh skull.vtp not connected to model..ignoring
Mesh jaw.vtp not connected to model..ignoring
Mesh cerv1.vtp not connected to model..ignoring
Mesh cerv2.vtp not connected to model..ignoring
Mesh cerv3.vtp not connected to model..ignoring
Mesh cerv4.vtp not connected to model..ignoring
Mesh cerv5.vtp not connected to model..ignoring
Mesh skull.vtp not connected to model..ignoring
Mesh jaw.vtp not connected to model..ignoring
Mesh cerv1.vtp not connected to model..ignoring
Mesh cerv2.vtp not connected to model..ignoring
Mesh cerv3.vtp not connected to model..ignoring
Mesh cerv4.vtp not connected to model..ignoring
Mesh cerv5.vtp not connected to model..ignoring
Mesh cerv6.vtp not connected to model..ignoring
Mesh skull.vtp not connected to model..ignoring
Mesh jaw.vtp not connected to model..ignoring
Mesh cerv1.vtp not connected to model..ignoring
Mesh cerv2.vtp not connected to model..ignoring
Mesh cerv3.vtp not connected to model..ignoring
Mesh cerv4.vtp not connected to model..ignoring
Mesh cerv5.vtp not connected to model..ignoring
Mesh cerv6.vtp not connected to model..ignoring
Mesh cerv7.vtp not connected to model..ignoring
Couldn't find file 'skull.vtp'.
Couldn't find file 'jaw.vtp'.
Couldn't find file 'cerv1.vtp'.
Couldn't find file 'cerv2.vtp'.
Couldn't find file 'cerv3.vtp'.
Couldn't find file 'cerv4.vtp'.
Couldn't find file 'cerv5.vtp'.
Couldn't find file 'cerv6.vtp'.
Couldn't find file 'cerv7.vtp'.
Mesh thoracic1.vtp not connected to model..ignoring
Couldn't find file 'thoracic1.vtp'.
Mesh thoracic2.vtp not connected to model..ignoring
Couldn't find file 'thoracic2.vtp'.
Mesh thoracic3.vtp not connected to model..ignoring
Couldn't find file 'thoracic3.vtp'.
Mesh thoracic4.vtp not connected to model..ignoring
Couldn't find file 'thoracic4.vtp'.
Mesh thoracic5.vtp not connected to model..ignoring
Couldn't find file 'thoracic5.vtp'.
Mesh thoracic6.vtp not connected to model..ignoring
Couldn't find file 'thoracic6.vtp'.
Mesh thoracic7.vtp not connected to model..ignoring
Couldn't find file 'thoracic7.vtp'.
Mesh thoracic8.vtp not connected to model..ignoring
Couldn't find file 'thoracic8.vtp'.
Mesh thoracic9.vtp not connected to model..ignoring
Couldn't find file 'thoracic9.vtp'.
Mesh thoracic10.vtp not connected to model..ignoring
Couldn't find file 'thoracic10.vtp'.
Mesh thoracic11.vtp not connected to model..ignoring
Couldn't find file 'thoracic11.vtp'.
Mesh thoracic12.vtp not connected to model..ignoring
Couldn't find file 'thoracic12.vtp'.
Mesh lumbar1.vtp not connected to model..ignoring
Couldn't find file 'lumbar1.vtp'.
Mesh lumbar2.vtp not connected to model..ignoring
Couldn't find file 'lumbar2.vtp'.
Mesh lumbar3.vtp not connected to model..ignoring
Couldn't find file 'lumbar3.vtp'.
Mesh lumbar4.vtp not connected to model..ignoring
Couldn't find file 'lumbar4.vtp'.
Mesh lumbar5.vtp not connected to model..ignoring
Couldn't find file 'lumbar5.vtp'.
Mesh r_pelvis.vtp not connected to model..ignoring
Mesh r_pelvis.vtp not connected to model..ignoring
Mesh l_pelvis.vtp not connected to model..ignoring
Mesh r_pelvis.vtp not connected to model..ignoring
Mesh l_pelvis.vtp not connected to model..ignoring
Mesh sacrum.vtp not connected to model..ignoring
Mesh Rib1R.vtp not connected to model..ignoring
Couldn't find file 'Rib1R.vtp'.
Mesh Rib2R.vtp not connected to model..ignoring
Couldn't find file 'Rib2R.vtp'.
Mesh Rib3R.vtp not connected to model..ignoring
Couldn't find file 'Rib3R.vtp'.
Mesh Rib4R.vtp not connected to model..ignoring
Couldn't find file 'Rib4R.vtp'.
Mesh Rib5R.vtp not connected to model..ignoring
Couldn't find file 'Rib5R.vtp'.
Mesh Rib6R.vtp not connected to model..ignoring
Couldn't find file 'Rib6R.vtp'.
Mesh Rib7R.vtp not connected to model..ignoring
Couldn't find file 'Rib7R.vtp'.
Mesh Rib8R.vtp not connected to model..ignoring
Couldn't find file 'Rib8R.vtp'.
Mesh Rib9R.vtp not connected to model..ignoring
Couldn't find file 'Rib9R.vtp'.
Mesh Rib10R.vtp not connected to model..ignoring
Couldn't find file 'Rib10R.vtp'.
Mesh Rib11R.vtp not connected to model..ignoring
Couldn't find file 'Rib11R.vtp'.
Mesh Rib12R.vtp not connected to model..ignoring
Couldn't find file 'Rib12R.vtp'.
Mesh skull.vtp not connected to model..ignoring
Mesh skull.vtp not connected to model..ignoring
Mesh jaw.vtp not connected to model..ignoring
Mesh skull.vtp not connected to model..ignoring
Mesh jaw.vtp not connected to model..ignoring
Mesh cerv1.vtp not connected to model..ignoring
Mesh skull.vtp not connected to model..ignoring
Mesh jaw.vtp not connected to model..ignoring
Mesh cerv1.vtp not connected to model..ignoring
Mesh cerv2.vtp not connected to model..ignoring
Mesh skull.vtp not connected to model..ignoring
Mesh jaw.vtp not connected to model..ignoring
Mesh cerv1.vtp not connected to model..ignoring
Mesh cerv2.vtp not connected to model..ignoring
Mesh cerv3.vtp not connected to model..ignoring
Mesh skull.vtp not connected to model..ignoring
Mesh jaw.vtp not connected to model..ignoring
Mesh cerv1.vtp not connected to model..ignoring
Mesh cerv2.vtp not connected to model..ignoring
Mesh cerv3.vtp not connected to model..ignoring
Mesh cerv4.vtp not connected to model..ignoring
Mesh skull.vtp not connected to model..ignoring
Mesh jaw.vtp not connected to model..ignoring
Mesh cerv1.vtp not connected to model..ignoring
Mesh cerv2.vtp not connected to model..ignoring
Mesh cerv3.vtp not connected to model..ignoring
Mesh cerv4.vtp not connected to model..ignoring
Mesh cerv5.vtp not connected to model..ignoring
Mesh skull.vtp not connected to model..ignoring
Mesh jaw.vtp not connected to model..ignoring
Mesh cerv1.vtp not connected to model..ignoring
Mesh cerv2.vtp not connected to model..ignoring
Mesh cerv3.vtp not connected to model..ignoring
Mesh cerv4.vtp not connected to model..ignoring
Mesh cerv5.vtp not connected to model..ignoring
Mesh cerv6.vtp not connected to model..ignoring
Mesh skull.vtp not connected to model..ignoring
Mesh jaw.vtp not connected to model..ignoring
Mesh cerv1.vtp not connected to model..ignoring
Mesh cerv2.vtp not connected to model..ignoring
Mesh cerv3.vtp not connected to model..ignoring
Mesh cerv4.vtp not connected to model..ignoring
Mesh cerv5.vtp not connected to model..ignoring
Mesh cerv6.vtp not connected to model..ignoring
Mesh cerv7.vtp not connected to model..ignoring
Couldn't find file 'skull.vtp'.
Couldn't find file 'jaw.vtp'.
Couldn't find file 'cerv1.vtp'.
Couldn't find file 'cerv2.vtp'.
Couldn't find file 'cerv3.vtp'.
Couldn't find file 'cerv4.vtp'.
Couldn't find file 'cerv5.vtp'.
Couldn't find file 'cerv6.vtp'.
Couldn't find file 'cerv7.vtp'.
Mesh thoracic1.vtp not connected to model..ignoring
Couldn't find file 'thoracic1.vtp'.
Mesh thoracic2.vtp not connected to model..ignoring
Couldn't find file 'thoracic2.vtp'.
Mesh thoracic3.vtp not connected to model..ignoring
Couldn't find file 'thoracic3.vtp'.
Mesh thoracic4.vtp not connected to model..ignoring
Couldn't find file 'thoracic4.vtp'.
Mesh thoracic5.vtp not connected to model..ignoring
Couldn't find file 'thoracic5.vtp'.
Mesh thoracic6.vtp not connected to model..ignoring
Couldn't find file 'thoracic6.vtp'.
Mesh thoracic7.vtp not connected to model..ignoring
Couldn't find file 'thoracic7.vtp'.
Mesh thoracic8.vtp not connected to model..ignoring
Couldn't find file 'thoracic8.vtp'.
Mesh thoracic9.vtp not connected to model..ignoring
Couldn't find file 'thoracic9.vtp'.
Mesh thoracic10.vtp not connected to model..ignoring
Couldn't find file 'thoracic10.vtp'.
Mesh thoracic11.vtp not connected to model..ignoring
Couldn't find file 'thoracic11.vtp'.
Mesh thoracic12.vtp not connected to model..ignoring
Couldn't find file 'thoracic12.vtp'.
Mesh lumbar1.vtp not connected to model..ignoring
Couldn't find file 'lumbar1.vtp'.
Mesh lumbar2.vtp not connected to model..ignoring
Couldn't find file 'lumbar2.vtp'.
Mesh lumbar3.vtp not connected to model..ignoring
Couldn't find file 'lumbar3.vtp'.
Mesh lumbar4.vtp not connected to model..ignoring
Couldn't find file 'lumbar4.vtp'.
Mesh lumbar5.vtp not connected to model..ignoring
Couldn't find file 'lumbar5.vtp'.
Mesh r_pelvis.vtp not connected to model..ignoring
Mesh r_pelvis.vtp not connected to model..ignoring
Mesh l_pelvis.vtp not connected to model..ignoring
Mesh r_pelvis.vtp not connected to model..ignoring
Mesh l_pelvis.vtp not connected to model..ignoring
Mesh sacrum.vtp not connected to model..ignoring
Mesh Rib1R.vtp not connected to model..ignoring
Couldn't find file 'Rib1R.vtp'.
Mesh Rib2R.vtp not connected to model..ignoring
Couldn't find file 'Rib2R.vtp'.
Mesh Rib3R.vtp not connected to model..ignoring
Couldn't find file 'Rib3R.vtp'.
Mesh Rib4R.vtp not connected to model..ignoring
Couldn't find file 'Rib4R.vtp'.
Mesh Rib5R.vtp not connected to model..ignoring
Couldn't find file 'Rib5R.vtp'.
Mesh Rib6R.vtp not connected to model..ignoring
Couldn't find file 'Rib6R.vtp'.
Mesh Rib7R.vtp not connected to model..ignoring
Couldn't find file 'Rib7R.vtp'.
Mesh Rib8R.vtp not connected to model..ignoring
Couldn't find file 'Rib8R.vtp'.
Mesh Rib9R.vtp not connected to model..ignoring
Couldn't find file 'Rib9R.vtp'.
Mesh Rib10R.vtp not connected to model..ignoring
Couldn't find file 'Rib10R.vtp'.
Mesh Rib11R.vtp not connected to model..ignoring
Couldn't find file 'Rib11R.vtp'.
Mesh Rib12R.vtp not connected to model..ignoring
Couldn't find file 'Rib12R.vtp'.
Mesh Rib1L.vtp not connected to model..ignoring
Couldn't find file 'Rib1L.vtp'.
Mesh Rib2L.vtp not connected to model..ignoring
Couldn't find file 'Rib2L.vtp'.
Mesh Rib3L.vtp not connected to model..ignoring
Couldn't find file 'Rib3L.vtp'.
Mesh Rib4L.vtp not connected to model..ignoring
Couldn't find file 'Rib4L.vtp'.
Mesh Rib5L.vtp not connected to model..ignoring
Couldn't find file 'Rib5L.vtp'.
Mesh Rib6L.vtp not connected to model..ignoring
Couldn't find file 'Rib6L.vtp'.
Mesh Rib7L.vtp not connected to model..ignoring
Couldn't find file 'Rib7L.vtp'.
Mesh Rib8L.vtp not connected to model..ignoring
Couldn't find file 'Rib8L.vtp'.
Mesh Rib9L.vtp not connected to model..ignoring
Couldn't find file 'Rib9L.vtp'.
Mesh Rib10L.vtp not connected to model..ignoring
Couldn't find file 'Rib10L.vtp'.
Mesh skull.vtp not connected to model..ignoring
Mesh skull.vtp not connected to model..ignoring
Mesh jaw.vtp not connected to model..ignoring
Mesh skull.vtp not connected to model..ignoring
Mesh jaw.vtp not connected to model..ignoring
Mesh cerv1.vtp not connected to model..ignoring
Mesh skull.vtp not connected to model..ignoring
Mesh jaw.vtp not connected to model..ignoring
Mesh cerv1.vtp not connected to model..ignoring
Mesh cerv2.vtp not connected to model..ignoring
Mesh skull.vtp not connected to model..ignoring
Mesh jaw.vtp not connected to model..ignoring
Mesh cerv1.vtp not connected to model..ignoring
Mesh cerv2.vtp not connected to model..ignoring
Mesh cerv3.vtp not connected to model..ignoring
Mesh skull.vtp not connected to model..ignoring
Mesh jaw.vtp not connected to model..ignoring
Mesh cerv1.vtp not connected to model..ignoring
Mesh cerv2.vtp not connected to model..ignoring
Mesh cerv3.vtp not connected to model..ignoring
Mesh cerv4.vtp not connected to model..ignoring
Mesh skull.vtp not connected to model..ignoring
Mesh jaw.vtp not connected to model..ignoring
Mesh cerv1.vtp not connected to model..ignoring
Mesh cerv2.vtp not connected to model..ignoring
Mesh cerv3.vtp not connected to model..ignoring
Mesh cerv4.vtp not connected to model..ignoring
Mesh cerv5.vtp not connected to model..ignoring
Mesh skull.vtp not connected to model..ignoring
Mesh jaw.vtp not connected to model..ignoring
Mesh cerv1.vtp not connected to model..ignoring
Mesh cerv2.vtp not connected to model..ignoring
Mesh cerv3.vtp not connected to model..ignoring
Mesh cerv4.vtp not connected to model..ignoring
Mesh cerv5.vtp not connected to model..ignoring
Mesh cerv6.vtp not connected to model..ignoring
Mesh skull.vtp not connected to model..ignoring
Mesh jaw.vtp not connected to model..ignoring
Mesh cerv1.vtp not connected to model..ignoring
Mesh cerv2.vtp not connected to model..ignoring
Mesh cerv3.vtp not connected to model..ignoring
Mesh cerv4.vtp not connected to model..ignoring
Mesh cerv5.vtp not connected to model..ignoring
Mesh cerv6.vtp not connected to model..ignoring
Mesh cerv7.vtp not connected to model..ignoring
Couldn't find file 'skull.vtp'.
Couldn't find file 'jaw.vtp'.
Couldn't find file 'cerv1.vtp'.
Couldn't find file 'cerv2.vtp'.
Couldn't find file 'cerv3.vtp'.
Couldn't find file 'cerv4.vtp'.
Couldn't find file 'cerv5.vtp'.
Couldn't find file 'cerv6.vtp'.
Couldn't find file 'cerv7.vtp'.
Mesh thoracic1.vtp not connected to model..ignoring
Couldn't find file 'thoracic1.vtp'.
Mesh thoracic2.vtp not connected to model..ignoring
Couldn't find file 'thoracic2.vtp'.
Mesh thoracic3.vtp not connected to model..ignoring
Couldn't find file 'thoracic3.vtp'.
Mesh thoracic4.vtp not connected to model..ignoring
Couldn't find file 'thoracic4.vtp'.
Mesh thoracic5.vtp not connected to model..ignoring
Couldn't find file 'thoracic5.vtp'.
Mesh thoracic6.vtp not connected to model..ignoring
Couldn't find file 'thoracic6.vtp'.
Mesh thoracic7.vtp not connected to model..ignoring
Couldn't find file 'thoracic7.vtp'.
Mesh thoracic8.vtp not connected to model..ignoring
Couldn't find file 'thoracic8.vtp'.
Mesh thoracic9.vtp not connected to model..ignoring
Couldn't find file 'thoracic9.vtp'.
Mesh thoracic10.vtp not connected to model..ignoring
Couldn't find file 'thoracic10.vtp'.
Mesh thoracic11.vtp not connected to model..ignoring
Couldn't find file 'thoracic11.vtp'.
Mesh thoracic12.vtp not connected to model..ignoring
Couldn't find file 'thoracic12.vtp'.
Mesh lumbar1.vtp not connected to model..ignoring
Couldn't find file 'lumbar1.vtp'.
Mesh lumbar2.vtp not connected to model..ignoring
Couldn't find file 'lumbar2.vtp'.
Mesh lumbar3.vtp not connected to model..ignoring
Couldn't find file 'lumbar3.vtp'.
Mesh lumbar4.vtp not connected to model..ignoring
Couldn't find file 'lumbar4.vtp'.
Mesh lumbar5.vtp not connected to model..ignoring
Couldn't find file 'lumbar5.vtp'.
Mesh r_pelvis.vtp not connected to model..ignoring
Mesh r_pelvis.vtp not connected to model..ignoring
Mesh l_pelvis.vtp not connected to model..ignoring
Mesh r_pelvis.vtp not connected to model..ignoring
Mesh l_pelvis.vtp not connected to model..ignoring
Mesh sacrum.vtp not connected to model..ignoring
Mesh Rib1R.vtp not connected to model..ignoring
Couldn't find file 'Rib1R.vtp'.
Mesh Rib2R.vtp not connected to model..ignoring
Couldn't find file 'Rib2R.vtp'.
Mesh Rib3R.vtp not connected to model..ignoring
Couldn't find file 'Rib3R.vtp'.
Mesh Rib4R.vtp not connected to model..ignoring
Couldn't find file 'Rib4R.vtp'.
Mesh Rib5R.vtp not connected to model..ignoring
Couldn't find file 'Rib5R.vtp'.
Mesh Rib6R.vtp not connected to model..ignoring
Couldn't find file 'Rib6R.vtp'.
Mesh Rib7R.vtp not connected to model..ignoring
Couldn't find file 'Rib7R.vtp'.
Mesh Rib8R.vtp not connected to model..ignoring
Couldn't find file 'Rib8R.vtp'.
Mesh Rib9R.vtp not connected to model..ignoring
Couldn't find file 'Rib9R.vtp'.
Mesh Rib10R.vtp not connected to model..ignoring
Couldn't find file 'Rib10R.vtp'.
Mesh Rib11R.vtp not connected to model..ignoring
Couldn't find file 'Rib11R.vtp'.
Mesh Rib12R.vtp not connected to model..ignoring
Couldn't find file 'Rib12R.vtp'.
Mesh Rib1L.vtp not connected to model..ignoring
Couldn't find file 'Rib1L.vtp'.
Mesh Rib2L.vtp not connected to model..ignoring
Couldn't find file 'Rib2L.vtp'.
Mesh Rib3L.vtp not connected to model..ignoring
Couldn't find file 'Rib3L.vtp'.
Mesh Rib4L.vtp not connected to model..ignoring
Couldn't find file 'Rib4L.vtp'.
Mesh Rib5L.vtp not connected to model..ignoring
Couldn't find file 'Rib5L.vtp'.
Mesh Rib6L.vtp not connected to model..ignoring
Couldn't find file 'Rib6L.vtp'.
Mesh Rib7L.vtp not connected to model..ignoring
Couldn't find file 'Rib7L.vtp'.
Mesh Rib8L.vtp not connected to model..ignoring
Couldn't find file 'Rib8L.vtp'.
Mesh Rib9L.vtp not connected to model..ignoring
Couldn't find file 'Rib9L.vtp'.
Mesh Rib10L.vtp not connected to model..ignoring
Couldn't find file 'Rib10L.vtp'.
Mesh Rib11L.vtp not connected to model..ignoring
Couldn't find file 'Rib11L.vtp'.
Mesh Rib12L.vtp not connected to model..ignoring
Couldn't find file 'Rib12L.vtp'.
Mesh skull.vtp not connected to model..ignoring
Mesh skull.vtp not connected to model..ignoring
Mesh jaw.vtp not connected to model..ignoring
Mesh skull.vtp not connected to model..ignoring
Mesh jaw.vtp not connected to model..ignoring
Mesh cerv1.vtp not connected to model..ignoring
Mesh skull.vtp not connected to model..ignoring
Mesh jaw.vtp not connected to model..ignoring
Mesh cerv1.vtp not connected to model..ignoring
Mesh cerv2.vtp not connected to model..ignoring
Mesh skull.vtp not connected to model..ignoring
Mesh jaw.vtp not connected to model..ignoring
Mesh cerv1.vtp not connected to model..ignoring
Mesh cerv2.vtp not connected to model..ignoring
Mesh cerv3.vtp not connected to model..ignoring
Mesh skull.vtp not connected to model..ignoring
Mesh jaw.vtp not connected to model..ignoring
Mesh cerv1.vtp not connected to model..ignoring
Mesh cerv2.vtp not connected to model..ignoring
Mesh cerv3.vtp not connected to model..ignoring
Mesh cerv4.vtp not connected to model..ignoring
Mesh skull.vtp not connected to model..ignoring
Mesh jaw.vtp not connected to model..ignoring
Mesh cerv1.vtp not connected to model..ignoring
Mesh cerv2.vtp not connected to model..ignoring
Mesh cerv3.vtp not connected to model..ignoring
Mesh cerv4.vtp not connected to model..ignoring
Mesh cerv5.vtp not connected to model..ignoring
Mesh skull.vtp not connected to model..ignoring
Mesh jaw.vtp not connected to model..ignoring
Mesh cerv1.vtp not connected to model..ignoring
Mesh cerv2.vtp not connected to model..ignoring
Mesh cerv3.vtp not connected to model..ignoring
Mesh cerv4.vtp not connected to model..ignoring
Mesh cerv5.vtp not connected to model..ignoring
Mesh cerv6.vtp not connected to model..ignoring
Mesh skull.vtp not connected to model..ignoring
Mesh jaw.vtp not connected to model..ignoring
Mesh cerv1.vtp not connected to model..ignoring
Mesh cerv2.vtp not connected to model..ignoring
Mesh cerv3.vtp not connected to model..ignoring
Mesh cerv4.vtp not connected to model..ignoring
Mesh cerv5.vtp not connected to model..ignoring
Mesh cerv6.vtp not connected to model..ignoring
Mesh cerv7.vtp not connected to model..ignoring
Couldn't find file 'skull.vtp'.
Couldn't find file 'jaw.vtp'.
Couldn't find file 'cerv1.vtp'.
Couldn't find file 'cerv2.vtp'.
Couldn't find file 'cerv3.vtp'.
Couldn't find file 'cerv4.vtp'.
Couldn't find file 'cerv5.vtp'.
Couldn't find file 'cerv6.vtp'.
Couldn't find file 'cerv7.vtp'.
Mesh thoracic1.vtp not connected to model..ignoring
Couldn't find file 'thoracic1.vtp'.
Mesh thoracic2.vtp not connected to model..ignoring
Couldn't find file 'thoracic2.vtp'.
Mesh thoracic3.vtp not connected to model..ignoring
Couldn't find file 'thoracic3.vtp'.
Mesh thoracic4.vtp not connected to model..ignoring
Couldn't find file 'thoracic4.vtp'.
Mesh thoracic5.vtp not connected to model..ignoring
Couldn't find file 'thoracic5.vtp'.
Mesh thoracic6.vtp not connected to model..ignoring
Couldn't find file 'thoracic6.vtp'.
Mesh thoracic7.vtp not connected to model..ignoring
Couldn't find file 'thoracic7.vtp'.
Mesh thoracic8.vtp not connected to model..ignoring
Couldn't find file 'thoracic8.vtp'.
Mesh thoracic9.vtp not connected to model..ignoring
Couldn't find file 'thoracic9.vtp'.
Mesh thoracic10.vtp not connected to model..ignoring
Couldn't find file 'thoracic10.vtp'.
Mesh thoracic11.vtp not connected to model..ignoring
Couldn't find file 'thoracic11.vtp'.
Mesh thoracic12.vtp not connected to model..ignoring
Couldn't find file 'thoracic12.vtp'.
Mesh lumbar1.vtp not connected to model..ignoring
Couldn't find file 'lumbar1.vtp'.
Mesh lumbar2.vtp not connected to model..ignoring
Couldn't find file 'lumbar2.vtp'.
Mesh lumbar3.vtp not connected to model..ignoring
Couldn't find file 'lumbar3.vtp'.
Mesh lumbar4.vtp not connected to model..ignoring
Couldn't find file 'lumbar4.vtp'.
Mesh lumbar5.vtp not connected to model..ignoring
Couldn't find file 'lumbar5.vtp'.
Mesh r_pelvis.vtp not connected to model..ignoring
Mesh r_pelvis.vtp not connected to model..ignoring
Mesh l_pelvis.vtp not connected to model..ignoring
Mesh r_pelvis.vtp not connected to model..ignoring
Mesh l_pelvis.vtp not connected to model..ignoring
Mesh sacrum.vtp not connected to model..ignoring
Mesh Rib1R.vtp not connected to model..ignoring
Couldn't find file 'Rib1R.vtp'.
Mesh Rib2R.vtp not connected to model..ignoring
Couldn't find file 'Rib2R.vtp'.
Mesh Rib3R.vtp not connected to model..ignoring
Couldn't find file 'Rib3R.vtp'.
Mesh Rib4R.vtp not connected to model..ignoring
Couldn't find file 'Rib4R.vtp'.
Mesh Rib5R.vtp not connected to model..ignoring
Couldn't find file 'Rib5R.vtp'.
Mesh Rib6R.vtp not connected to model..ignoring
Couldn't find file 'Rib6R.vtp'.
Mesh Rib7R.vtp not connected to model..ignoring
Couldn't find file 'Rib7R.vtp'.
Mesh Rib8R.vtp not connected to model..ignoring
Couldn't find file 'Rib8R.vtp'.
Mesh Rib9R.vtp not connected to model..ignoring
Couldn't find file 'Rib9R.vtp'.
Mesh Rib10R.vtp not connected to model..ignoring
Couldn't find file 'Rib10R.vtp'.
Mesh Rib11R.vtp not connected to model..ignoring
Couldn't find file 'Rib11R.vtp'.
Mesh Rib12R.vtp not connected to model..ignoring
Couldn't find file 'Rib12R.vtp'.
Mesh Rib1L.vtp not connected to model..ignoring
Couldn't find file 'Rib1L.vtp'.
Mesh Rib2L.vtp not connected to model..ignoring
Couldn't find file 'Rib2L.vtp'.
Mesh Rib3L.vtp not connected to model..ignoring
Couldn't find file 'Rib3L.vtp'.
Mesh Rib4L.vtp not connected to model..ignoring
Couldn't find file 'Rib4L.vtp'.
Mesh Rib5L.vtp not connected to model..ignoring
Couldn't find file 'Rib5L.vtp'.
Mesh Rib6L.vtp not connected to model..ignoring
Couldn't find file 'Rib6L.vtp'.
Mesh Rib7L.vtp not connected to model..ignoring
Couldn't find file 'Rib7L.vtp'.
Mesh Rib8L.vtp not connected to model..ignoring
Couldn't find file 'Rib8L.vtp'.
Mesh Rib9L.vtp not connected to model..ignoring
Couldn't find file 'Rib9L.vtp'.
Mesh Rib10L.vtp not connected to model..ignoring
Couldn't find file 'Rib10L.vtp'.
Mesh Rib11L.vtp not connected to model..ignoring
Couldn't find file 'Rib11L.vtp'.
Mesh Rib12L.vtp not connected to model..ignoring
Couldn't find file 'Rib12L.vtp'.
Mesh sternum.vtp not connected to model..ignoring
Couldn't find file 'sternum.vtp'.
Mesh skull.vtp not connected to model..ignoring
Mesh skull.vtp not connected to model..ignoring
Mesh jaw.vtp not connected to model..ignoring
Mesh skull.vtp not connected to model..ignoring
Mesh jaw.vtp not connected to model..ignoring
Mesh cerv1.vtp not connected to model..ignoring
Mesh skull.vtp not connected to model..ignoring
Mesh jaw.vtp not connected to model..ignoring
Mesh cerv1.vtp not connected to model..ignoring
Mesh cerv2.vtp not connected to model..ignoring
Mesh skull.vtp not connected to model..ignoring
Mesh jaw.vtp not connected to model..ignoring
Mesh cerv1.vtp not connected to model..ignoring
Mesh cerv2.vtp not connected to model..ignoring
Mesh cerv3.vtp not connected to model..ignoring
Mesh skull.vtp not connected to model..ignoring
Mesh jaw.vtp not connected to model..ignoring
Mesh cerv1.vtp not connected to model..ignoring
Mesh cerv2.vtp not connected to model..ignoring
Mesh cerv3.vtp not connected to model..ignoring
Mesh cerv4.vtp not connected to model..ignoring
Mesh skull.vtp not connected to model..ignoring
Mesh jaw.vtp not connected to model..ignoring
Mesh cerv1.vtp not connected to model..ignoring
Mesh cerv2.vtp not connected to model..ignoring
Mesh cerv3.vtp not connected to model..ignoring
Mesh cerv4.vtp not connected to model..ignoring
Mesh cerv5.vtp not connected to model..ignoring
Mesh skull.vtp not connected to model..ignoring
Mesh jaw.vtp not connected to model..ignoring
Mesh cerv1.vtp not connected to model..ignoring
Mesh cerv2.vtp not connected to model..ignoring
Mesh cerv3.vtp not connected to model..ignoring
Mesh cerv4.vtp not connected to model..ignoring
Mesh cerv5.vtp not connected to model..ignoring
Mesh cerv6.vtp not connected to model..ignoring
Mesh skull.vtp not connected to model..ignoring
Mesh jaw.vtp not connected to model..ignoring
Mesh cerv1.vtp not connected to model..ignoring
Mesh cerv2.vtp not connected to model..ignoring
Mesh cerv3.vtp not connected to model..ignoring
Mesh cerv4.vtp not connected to model..ignoring
Mesh cerv5.vtp not connected to model..ignoring
Mesh cerv6.vtp not connected to model..ignoring
Mesh cerv7.vtp not connected to model..ignoring
Couldn't find file 'skull.vtp'.
Couldn't find file 'jaw.vtp'.
Couldn't find file 'cerv1.vtp'.
Couldn't find file 'cerv2.vtp'.
Couldn't find file 'cerv3.vtp'.
Couldn't find file 'cerv4.vtp'.
Couldn't find file 'cerv5.vtp'.
Couldn't find file 'cerv6.vtp'.
Couldn't find file 'cerv7.vtp'.
Mesh thoracic1.vtp not connected to model..ignoring
Couldn't find file 'thoracic1.vtp'.
Mesh thoracic2.vtp not connected to model..ignoring
Couldn't find file 'thoracic2.vtp'.
Mesh thoracic3.vtp not connected to model..ignoring
Couldn't find file 'thoracic3.vtp'.
Mesh thoracic4.vtp not connected to model..ignoring
Couldn't find file 'thoracic4.vtp'.
Mesh thoracic5.vtp not connected to model..ignoring
Couldn't find file 'thoracic5.vtp'.
Mesh thoracic6.vtp not connected to model..ignoring
Couldn't find file 'thoracic6.vtp'.
Mesh thoracic7.vtp not connected to model..ignoring
Couldn't find file 'thoracic7.vtp'.
Mesh thoracic8.vtp not connected to model..ignoring
Couldn't find file 'thoracic8.vtp'.
Mesh thoracic9.vtp not connected to model..ignoring
Couldn't find file 'thoracic9.vtp'.
Mesh thoracic10.vtp not connected to model..ignoring
Couldn't find file 'thoracic10.vtp'.
Mesh thoracic11.vtp not connected to model..ignoring
Couldn't find file 'thoracic11.vtp'.
Mesh thoracic12.vtp not connected to model..ignoring
Couldn't find file 'thoracic12.vtp'.
Mesh lumbar1.vtp not connected to model..ignoring
Couldn't find file 'lumbar1.vtp'.
Mesh lumbar2.vtp not connected to model..ignoring
Couldn't find file 'lumbar2.vtp'.
Mesh lumbar3.vtp not connected to model..ignoring
Couldn't find file 'lumbar3.vtp'.
Mesh lumbar4.vtp not connected to model..ignoring
Couldn't find file 'lumbar4.vtp'.
Mesh lumbar5.vtp not connected to model..ignoring
Couldn't find file 'lumbar5.vtp'.
Mesh r_pelvis.vtp not connected to model..ignoring
Mesh r_pelvis.vtp not connected to model..ignoring
Mesh l_pelvis.vtp not connected to model..ignoring
Mesh r_pelvis.vtp not connected to model..ignoring
Mesh l_pelvis.vtp not connected to model..ignoring
Mesh sacrum.vtp not connected to model..ignoring
Mesh Rib1R.vtp not connected to model..ignoring
Couldn't find file 'Rib1R.vtp'.
Mesh Rib2R.vtp not connected to model..ignoring
Couldn't find file 'Rib2R.vtp'.
Mesh Rib3R.vtp not connected to model..ignoring
Couldn't find file 'Rib3R.vtp'.
Mesh Rib4R.vtp not connected to model..ignoring
Couldn't find file 'Rib4R.vtp'.
Mesh Rib5R.vtp not connected to model..ignoring
Couldn't find file 'Rib5R.vtp'.
Mesh Rib6R.vtp not connected to model..ignoring
Couldn't find file 'Rib6R.vtp'.
Mesh Rib7R.vtp not connected to model..ignoring
Couldn't find file 'Rib7R.vtp'.
Mesh Rib8R.vtp not connected to model..ignoring
Couldn't find file 'Rib8R.vtp'.
Mesh Rib9R.vtp not connected to model..ignoring
Couldn't find file 'Rib9R.vtp'.
Mesh Rib10R.vtp not connected to model..ignoring
Couldn't find file 'Rib10R.vtp'.
Mesh Rib11R.vtp not connected to model..ignoring
Couldn't find file 'Rib11R.vtp'.
Mesh Rib12R.vtp not connected to model..ignoring
Couldn't find file 'Rib12R.vtp'.
Mesh Rib1L.vtp not connected to model..ignoring
Couldn't find file 'Rib1L.vtp'.
Mesh Rib2L.vtp not connected to model..ignoring
Couldn't find file 'Rib2L.vtp'.
Mesh Rib3L.vtp not connected to model..ignoring
Couldn't find file 'Rib3L.vtp'.
Mesh Rib4L.vtp not connected to model..ignoring
Couldn't find file 'Rib4L.vtp'.
Mesh Rib5L.vtp not connected to model..ignoring
Couldn't find file 'Rib5L.vtp'.
Mesh Rib6L.vtp not connected to model..ignoring
Couldn't find file 'Rib6L.vtp'.
Mesh Rib7L.vtp not connected to model..ignoring
Couldn't find file 'Rib7L.vtp'.
Mesh Rib8L.vtp not connected to model..ignoring
Couldn't find file 'Rib8L.vtp'.
Mesh Rib9L.vtp not connected to model..ignoring
Couldn't find file 'Rib9L.vtp'.
Mesh Rib10L.vtp not connected to model..ignoring
Couldn't find file 'Rib10L.vtp'.
Mesh Rib11L.vtp not connected to model..ignoring
Couldn't find file 'Rib11L.vtp'.
Mesh Rib12L.vtp not connected to model..ignoring
Couldn't find file 'Rib12L.vtp'.
Mesh sternum.vtp not connected to model..ignoring
Couldn't find file 'sternum.vtp'.
Mesh r_clavicle.vtp not connected to model..ignoring
Couldn't find file 'r_clavicle.vtp'.
Mesh r_scapula.vtp not connected to model..ignoring
Couldn't find file 'r_scapula.vtp'.
Mesh skull.vtp not connected to model..ignoring
Mesh skull.vtp not connected to model..ignoring
Mesh jaw.vtp not connected to model..ignoring
Mesh skull.vtp not connected to model..ignoring
Mesh jaw.vtp not connected to model..ignoring
Mesh cerv1.vtp not connected to model..ignoring
Mesh skull.vtp not connected to model..ignoring
Mesh jaw.vtp not connected to model..ignoring
Mesh cerv1.vtp not connected to model..ignoring
Mesh cerv2.vtp not connected to model..ignoring
Mesh skull.vtp not connected to model..ignoring
Mesh jaw.vtp not connected to model..ignoring
Mesh cerv1.vtp not connected to model..ignoring
Mesh cerv2.vtp not connected to model..ignoring
Mesh cerv3.vtp not connected to model..ignoring
Mesh skull.vtp not connected to model..ignoring
Mesh jaw.vtp not connected to model..ignoring
Mesh cerv1.vtp not connected to model..ignoring
Mesh cerv2.vtp not connected to model..ignoring
Mesh cerv3.vtp not connected to model..ignoring
Mesh cerv4.vtp not connected to model..ignoring
Mesh skull.vtp not connected to model..ignoring
Mesh jaw.vtp not connected to model..ignoring
Mesh cerv1.vtp not connected to model..ignoring
Mesh cerv2.vtp not connected to model..ignoring
Mesh cerv3.vtp not connected to model..ignoring
Mesh cerv4.vtp not connected to model..ignoring
Mesh cerv5.vtp not connected to model..ignoring
Mesh skull.vtp not connected to model..ignoring
Mesh jaw.vtp not connected to model..ignoring
Mesh cerv1.vtp not connected to model..ignoring
Mesh cerv2.vtp not connected to model..ignoring
Mesh cerv3.vtp not connected to model..ignoring
Mesh cerv4.vtp not connected to model..ignoring
Mesh cerv5.vtp not connected to model..ignoring
Mesh cerv6.vtp not connected to model..ignoring
Mesh skull.vtp not connected to model..ignoring
Mesh jaw.vtp not connected to model..ignoring
Mesh cerv1.vtp not connected to model..ignoring
Mesh cerv2.vtp not connected to model..ignoring
Mesh cerv3.vtp not connected to model..ignoring
Mesh cerv4.vtp not connected to model..ignoring
Mesh cerv5.vtp not connected to model..ignoring
Mesh cerv6.vtp not connected to model..ignoring
Mesh cerv7.vtp not connected to model..ignoring
Couldn't find file 'skull.vtp'.
Couldn't find file 'jaw.vtp'.
Couldn't find file 'cerv1.vtp'.
Couldn't find file 'cerv2.vtp'.
Couldn't find file 'cerv3.vtp'.
Couldn't find file 'cerv4.vtp'.
Couldn't find file 'cerv5.vtp'.
Couldn't find file 'cerv6.vtp'.
Couldn't find file 'cerv7.vtp'.
Mesh thoracic1.vtp not connected to model..ignoring
Couldn't find file 'thoracic1.vtp'.
Mesh thoracic2.vtp not connected to model..ignoring
Couldn't find file 'thoracic2.vtp'.
Mesh thoracic3.vtp not connected to model..ignoring
Couldn't find file 'thoracic3.vtp'.
Mesh thoracic4.vtp not connected to model..ignoring
Couldn't find file 'thoracic4.vtp'.
Mesh thoracic5.vtp not connected to model..ignoring
Couldn't find file 'thoracic5.vtp'.
Mesh thoracic6.vtp not connected to model..ignoring
Couldn't find file 'thoracic6.vtp'.
Mesh thoracic7.vtp not connected to model..ignoring
Couldn't find file 'thoracic7.vtp'.
Mesh thoracic8.vtp not connected to model..ignoring
Couldn't find file 'thoracic8.vtp'.
Mesh thoracic9.vtp not connected to model..ignoring
Couldn't find file 'thoracic9.vtp'.
Mesh thoracic10.vtp not connected to model..ignoring
Couldn't find file 'thoracic10.vtp'.
Mesh thoracic11.vtp not connected to model..ignoring
Couldn't find file 'thoracic11.vtp'.
Mesh thoracic12.vtp not connected to model..ignoring
Couldn't find file 'thoracic12.vtp'.
Mesh lumbar1.vtp not connected to model..ignoring
Couldn't find file 'lumbar1.vtp'.
Mesh lumbar2.vtp not connected to model..ignoring
Couldn't find file 'lumbar2.vtp'.
Mesh lumbar3.vtp not connected to model..ignoring
Couldn't find file 'lumbar3.vtp'.
Mesh lumbar4.vtp not connected to model..ignoring
Couldn't find file 'lumbar4.vtp'.
Mesh lumbar5.vtp not connected to model..ignoring
Couldn't find file 'lumbar5.vtp'.
Mesh r_pelvis.vtp not connected to model..ignoring
Mesh r_pelvis.vtp not connected to model..ignoring
Mesh l_pelvis.vtp not connected to model..ignoring
Mesh r_pelvis.vtp not connected to model..ignoring
Mesh l_pelvis.vtp not connected to model..ignoring
Mesh sacrum.vtp not connected to model..ignoring
Mesh Rib1R.vtp not connected to model..ignoring
Couldn't find file 'Rib1R.vtp'.
Mesh Rib2R.vtp not connected to model..ignoring
Couldn't find file 'Rib2R.vtp'.
Mesh Rib3R.vtp not connected to model..ignoring
Couldn't find file 'Rib3R.vtp'.
Mesh Rib4R.vtp not connected to model..ignoring
Couldn't find file 'Rib4R.vtp'.
Mesh Rib5R.vtp not connected to model..ignoring
Couldn't find file 'Rib5R.vtp'.
Mesh Rib6R.vtp not connected to model..ignoring
Couldn't find file 'Rib6R.vtp'.
Mesh Rib7R.vtp not connected to model..ignoring
Couldn't find file 'Rib7R.vtp'.
Mesh Rib8R.vtp not connected to model..ignoring
Couldn't find file 'Rib8R.vtp'.
Mesh Rib9R.vtp not connected to model..ignoring
Couldn't find file 'Rib9R.vtp'.
Mesh Rib10R.vtp not connected to model..ignoring
Couldn't find file 'Rib10R.vtp'.
Mesh Rib11R.vtp not connected to model..ignoring
Couldn't find file 'Rib11R.vtp'.
Mesh Rib12R.vtp not connected to model..ignoring
Couldn't find file 'Rib12R.vtp'.
Mesh Rib1L.vtp not connected to model..ignoring
Couldn't find file 'Rib1L.vtp'.
Mesh Rib2L.vtp not connected to model..ignoring
Couldn't find file 'Rib2L.vtp'.
Mesh Rib3L.vtp not connected to model..ignoring
Couldn't find file 'Rib3L.vtp'.
Mesh Rib4L.vtp not connected to model..ignoring
Couldn't find file 'Rib4L.vtp'.
Mesh Rib5L.vtp not connected to model..ignoring
Couldn't find file 'Rib5L.vtp'.
Mesh Rib6L.vtp not connected to model..ignoring
Couldn't find file 'Rib6L.vtp'.
Mesh Rib7L.vtp not connected to model..ignoring
Couldn't find file 'Rib7L.vtp'.
Mesh Rib8L.vtp not connected to model..ignoring
Couldn't find file 'Rib8L.vtp'.
Mesh Rib9L.vtp not connected to model..ignoring
Couldn't find file 'Rib9L.vtp'.
Mesh Rib10L.vtp not connected to model..ignoring
Couldn't find file 'Rib10L.vtp'.
Mesh Rib11L.vtp not connected to model..ignoring
Couldn't find file 'Rib11L.vtp'.
Mesh Rib12L.vtp not connected to model..ignoring
Couldn't find file 'Rib12L.vtp'.
Mesh sternum.vtp not connected to model..ignoring
Couldn't find file 'sternum.vtp'.
Mesh r_clavicle.vtp not connected to model..ignoring
Couldn't find file 'r_clavicle.vtp'.
Mesh r_scapula.vtp not connected to model..ignoring
Couldn't find file 'r_scapula.vtp'.
Mesh skull.vtp not connected to model..ignoring
Mesh skull.vtp not connected to model..ignoring
Mesh jaw.vtp not connected to model..ignoring
Mesh skull.vtp not connected to model..ignoring
Mesh jaw.vtp not connected to model..ignoring
Mesh cerv1.vtp not connected to model..ignoring
Mesh skull.vtp not connected to model..ignoring
Mesh jaw.vtp not connected to model..ignoring
Mesh cerv1.vtp not connected to model..ignoring
Mesh cerv2.vtp not connected to model..ignoring
Mesh skull.vtp not connected to model..ignoring
Mesh jaw.vtp not connected to model..ignoring
Mesh cerv1.vtp not connected to model..ignoring
Mesh cerv2.vtp not connected to model..ignoring
Mesh cerv3.vtp not connected to model..ignoring
Mesh skull.vtp not connected to model..ignoring
Mesh jaw.vtp not connected to model..ignoring
Mesh cerv1.vtp not connected to model..ignoring
Mesh cerv2.vtp not connected to model..ignoring
Mesh cerv3.vtp not connected to model..ignoring
Mesh cerv4.vtp not connected to model..ignoring
Mesh skull.vtp not connected to model..ignoring
Mesh jaw.vtp not connected to model..ignoring
Mesh cerv1.vtp not connected to model..ignoring
Mesh cerv2.vtp not connected to model..ignoring
Mesh cerv3.vtp not connected to model..ignoring
Mesh cerv4.vtp not connected to model..ignoring
Mesh cerv5.vtp not connected to model..ignoring
Mesh skull.vtp not connected to model..ignoring
Mesh jaw.vtp not connected to model..ignoring
Mesh cerv1.vtp not connected to model..ignoring
Mesh cerv2.vtp not connected to model..ignoring
Mesh cerv3.vtp not connected to model..ignoring
Mesh cerv4.vtp not connected to model..ignoring
Mesh cerv5.vtp not connected to model..ignoring
Mesh cerv6.vtp not connected to model..ignoring
Mesh skull.vtp not connected to model..ignoring
Mesh jaw.vtp not connected to model..ignoring
Mesh cerv1.vtp not connected to model..ignoring
Mesh cerv2.vtp not connected to model..ignoring
Mesh cerv3.vtp not connected to model..ignoring
Mesh cerv4.vtp not connected to model..ignoring
Mesh cerv5.vtp not connected to model..ignoring
Mesh cerv6.vtp not connected to model..ignoring
Mesh cerv7.vtp not connected to model..ignoring
Couldn't find file 'skull.vtp'.
Couldn't find file 'jaw.vtp'.
Couldn't find file 'cerv1.vtp'.
Couldn't find file 'cerv2.vtp'.
Couldn't find file 'cerv3.vtp'.
Couldn't find file 'cerv4.vtp'.
Couldn't find file 'cerv5.vtp'.
Couldn't find file 'cerv6.vtp'.
Couldn't find file 'cerv7.vtp'.
Mesh thoracic1.vtp not connected to model..ignoring
Couldn't find file 'thoracic1.vtp'.
Mesh thoracic2.vtp not connected to model..ignoring
Couldn't find file 'thoracic2.vtp'.
Mesh thoracic3.vtp not connected to model..ignoring
Couldn't find file 'thoracic3.vtp'.
Mesh thoracic4.vtp not connected to model..ignoring
Couldn't find file 'thoracic4.vtp'.
Mesh thoracic5.vtp not connected to model..ignoring
Couldn't find file 'thoracic5.vtp'.
Mesh thoracic6.vtp not connected to model..ignoring
Couldn't find file 'thoracic6.vtp'.
Mesh thoracic7.vtp not connected to model..ignoring
Couldn't find file 'thoracic7.vtp'.
Mesh thoracic8.vtp not connected to model..ignoring
Couldn't find file 'thoracic8.vtp'.
Mesh thoracic9.vtp not connected to model..ignoring
Couldn't find file 'thoracic9.vtp'.
Mesh thoracic10.vtp not connected to model..ignoring
Couldn't find file 'thoracic10.vtp'.
Mesh thoracic11.vtp not connected to model..ignoring
Couldn't find file 'thoracic11.vtp'.
Mesh thoracic12.vtp not connected to model..ignoring
Couldn't find file 'thoracic12.vtp'.
Mesh lumbar1.vtp not connected to model..ignoring
Couldn't find file 'lumbar1.vtp'.
Mesh lumbar2.vtp not connected to model..ignoring
Couldn't find file 'lumbar2.vtp'.
Mesh lumbar3.vtp not connected to model..ignoring
Couldn't find file 'lumbar3.vtp'.
Mesh lumbar4.vtp not connected to model..ignoring
Couldn't find file 'lumbar4.vtp'.
Mesh lumbar5.vtp not connected to model..ignoring
Couldn't find file 'lumbar5.vtp'.
Mesh skull.vtp not connected to model..ignoring
Mesh skull.vtp not connected to model..ignoring
Mesh jaw.vtp not connected to model..ignoring
Mesh skull.vtp not connected to model..ignoring
Mesh jaw.vtp not connected to model..ignoring
Mesh cerv1.vtp not connected to model..ignoring
Mesh skull.vtp not connected to model..ignoring
Mesh jaw.vtp not connected to model..ignoring
Mesh cerv1.vtp not connected to model..ignoring
Mesh cerv2.vtp not connected to model..ignoring
Mesh skull.vtp not connected to model..ignoring
Mesh jaw.vtp not connected to model..ignoring
Mesh cerv1.vtp not connected to model..ignoring
Mesh cerv2.vtp not connected to model..ignoring
Mesh cerv3.vtp not connected to model..ignoring
Mesh skull.vtp not connected to model..ignoring
Mesh jaw.vtp not connected to model..ignoring
Mesh cerv1.vtp not connected to model..ignoring
Mesh cerv2.vtp not connected to model..ignoring
Mesh cerv3.vtp not connected to model..ignoring
Mesh cerv4.vtp not connected to model..ignoring
Mesh skull.vtp not connected to model..ignoring
Mesh jaw.vtp not connected to model..ignoring
Mesh cerv1.vtp not connected to model..ignoring
Mesh cerv2.vtp not connected to model..ignoring
Mesh cerv3.vtp not connected to model..ignoring
Mesh cerv4.vtp not connected to model..ignoring
Mesh cerv5.vtp not connected to model..ignoring
Mesh skull.vtp not connected to model..ignoring
Mesh jaw.vtp not connected to model..ignoring
Mesh cerv1.vtp not connected to model..ignoring
Mesh cerv2.vtp not connected to model..ignoring
Mesh cerv3.vtp not connected to model..ignoring
Mesh cerv4.vtp not connected to model..ignoring
Mesh cerv5.vtp not connected to model..ignoring
Mesh cerv6.vtp not connected to model..ignoring
Mesh skull.vtp not connected to model..ignoring
Mesh jaw.vtp not connected to model..ignoring
Mesh cerv1.vtp not connected to model..ignoring
Mesh cerv2.vtp not connected to model..ignoring
Mesh cerv3.vtp not connected to model..ignoring
Mesh cerv4.vtp not connected to model..ignoring
Mesh cerv5.vtp not connected to model..ignoring
Mesh cerv6.vtp not connected to model..ignoring
Mesh cerv7.vtp not connected to model..ignoring
Couldn't find file 'skull.vtp'.
Couldn't find file 'jaw.vtp'.
Couldn't find file 'cerv1.vtp'.
Couldn't find file 'cerv2.vtp'.
Couldn't find file 'cerv3.vtp'.
Couldn't find file 'cerv4.vtp'.
Couldn't find file 'cerv5.vtp'.
Couldn't find file 'cerv6.vtp'.
Couldn't find file 'cerv7.vtp'.
Mesh thoracic1.vtp not connected to model..ignoring
Couldn't find file 'thoracic1.vtp'.
Mesh thoracic2.vtp not connected to model..ignoring
Couldn't find file 'thoracic2.vtp'.
Mesh thoracic3.vtp not connected to model..ignoring
Couldn't find file 'thoracic3.vtp'.
Mesh thoracic4.vtp not connected to model..ignoring
Couldn't find file 'thoracic4.vtp'.
Mesh thoracic5.vtp not connected to model..ignoring
Couldn't find file 'thoracic5.vtp'.
Mesh thoracic6.vtp not connected to model..ignoring
Couldn't find file 'thoracic6.vtp'.
Mesh thoracic7.vtp not connected to model..ignoring
Couldn't find file 'thoracic7.vtp'.
Mesh thoracic8.vtp not connected to model..ignoring
Couldn't find file 'thoracic8.vtp'.
Mesh thoracic9.vtp not connected to model..ignoring
Couldn't find file 'thoracic9.vtp'.
Mesh thoracic10.vtp not connected to model..ignoring
Couldn't find file 'thoracic10.vtp'.
Mesh thoracic11.vtp not connected to model..ignoring
Couldn't find file 'thoracic11.vtp'.
Mesh thoracic12.vtp not connected to model..ignoring
Couldn't find file 'thoracic12.vtp'.
Mesh lumbar1.vtp not connected to model..ignoring
Couldn't find file 'lumbar1.vtp'.
Mesh lumbar2.vtp not connected to model..ignoring
Couldn't find file 'lumbar2.vtp'.
Mesh lumbar3.vtp not connected to model..ignoring
Couldn't find file 'lumbar3.vtp'.
Mesh lumbar4.vtp not connected to model..ignoring
Couldn't find file 'lumbar4.vtp'.
Mesh lumbar5.vtp not connected to model..ignoring
Couldn't find file 'lumbar5.vtp'.
Mesh r_pelvis.vtp not connected to model..ignoring
Mesh r_pelvis.vtp not connected to model..ignoring
Mesh l_pelvis.vtp not connected to model..ignoring
Mesh r_pelvis.vtp not connected to model..ignoring
Mesh l_pelvis.vtp not connected to model..ignoring
Mesh sacrum.vtp not connected to model..ignoring
Mesh Rib1R.vtp not connected to model..ignoring
Couldn't find file 'Rib1R.vtp'.
Mesh Rib2R.vtp not connected to model..ignoring
Couldn't find file 'Rib2R.vtp'.
Mesh Rib3R.vtp not connected to model..ignoring
Couldn't find file 'Rib3R.vtp'.
Mesh Rib4R.vtp not connected to model..ignoring
Couldn't find file 'Rib4R.vtp'.
Mesh Rib5R.vtp not connected to model..ignoring
Couldn't find file 'Rib5R.vtp'.
Mesh Rib6R.vtp not connected to model..ignoring
Couldn't find file 'Rib6R.vtp'.
Mesh Rib7R.vtp not connected to model..ignoring
Couldn't find file 'Rib7R.vtp'.
Mesh Rib8R.vtp not connected to model..ignoring
Couldn't find file 'Rib8R.vtp'.
Mesh Rib9R.vtp not connected to model..ignoring
Couldn't find file 'Rib9R.vtp'.
Mesh Rib10R.vtp not connected to model..ignoring
Couldn't find file 'Rib10R.vtp'.
Mesh Rib11R.vtp not connected to model..ignoring
Couldn't find file 'Rib11R.vtp'.
Mesh Rib12R.vtp not connected to model..ignoring
Couldn't find file 'Rib12R.vtp'.
Mesh Rib1L.vtp not connected to model..ignoring
Couldn't find file 'Rib1L.vtp'.
Mesh Rib2L.vtp not connected to model..ignoring
Couldn't find file 'Rib2L.vtp'.
Mesh Rib3L.vtp not connected to model..ignoring
Couldn't find file 'Rib3L.vtp'.
Mesh Rib4L.vtp not connected to model..ignoring
Couldn't find file 'Rib4L.vtp'.
Mesh Rib5L.vtp not connected to model..ignoring
Couldn't find file 'Rib5L.vtp'.
Mesh Rib6L.vtp not connected to model..ignoring
Couldn't find file 'Rib6L.vtp'.
Mesh Rib7L.vtp not connected to model..ignoring
Couldn't find file 'Rib7L.vtp'.
Mesh Rib8L.vtp not connected to model..ignoring
Couldn't find file 'Rib8L.vtp'.
Mesh Rib9L.vtp not connected to model..ignoring
Couldn't find file 'Rib9L.vtp'.
Mesh Rib10L.vtp not connected to model..ignoring
Couldn't find file 'Rib10L.vtp'.
Mesh Rib11L.vtp not connected to model..ignoring
Couldn't find file 'Rib11L.vtp'.
Mesh Rib12L.vtp not connected to model..ignoring
Couldn't find file 'Rib12L.vtp'.
Mesh sternum.vtp not connected to model..ignoring
Couldn't find file 'sternum.vtp'.
Mesh r_clavicle.vtp not connected to model..ignoring
Couldn't find file 'r_clavicle.vtp'.
Mesh r_scapula.vtp not connected to model..ignoring
Couldn't find file 'r_scapula.vtp'.
Mesh r_humerus.vtp not connected to model..ignoring
Couldn't find file 'r_humerus.vtp'.
Mesh r_ulna.vtp not connected to model..ignoring
Mesh r_ulna.vtp not connected to model..ignoring
Mesh r_radius.vtp not connected to model..ignoring
Couldn't find file 'r_ulna.vtp'.
Couldn't find file 'r_radius.vtp'.
Mesh skull.vtp not connected to model..ignoring
Mesh skull.vtp not connected to model..ignoring
Mesh jaw.vtp not connected to model..ignoring
Mesh skull.vtp not connected to model..ignoring
Mesh jaw.vtp not connected to model..ignoring
Mesh cerv1.vtp not connected to model..ignoring
Mesh skull.vtp not connected to model..ignoring
Mesh jaw.vtp not connected to model..ignoring
Mesh cerv1.vtp not connected to model..ignoring
Mesh cerv2.vtp not connected to model..ignoring
Mesh skull.vtp not connected to model..ignoring
Mesh jaw.vtp not connected to model..ignoring
Mesh cerv1.vtp not connected to model..ignoring
Mesh cerv2.vtp not connected to model..ignoring
Mesh cerv3.vtp not connected to model..ignoring
Mesh skull.vtp not connected to model..ignoring
Mesh jaw.vtp not connected to model..ignoring
Mesh cerv1.vtp not connected to model..ignoring
Mesh cerv2.vtp not connected to model..ignoring
Mesh cerv3.vtp not connected to model..ignoring
Mesh cerv4.vtp not connected to model..ignoring
Mesh skull.vtp not connected to model..ignoring
Mesh jaw.vtp not connected to model..ignoring
Mesh cerv1.vtp not connected to model..ignoring
Mesh cerv2.vtp not connected to model..ignoring
Mesh cerv3.vtp not connected to model..ignoring
Mesh cerv4.vtp not connected to model..ignoring
Mesh cerv5.vtp not connected to model..ignoring
Mesh skull.vtp not connected to model..ignoring
Mesh jaw.vtp not connected to model..ignoring
Mesh cerv1.vtp not connected to model..ignoring
Mesh cerv2.vtp not connected to model..ignoring
Mesh cerv3.vtp not connected to model..ignoring
Mesh cerv4.vtp not connected to model..ignoring
Mesh cerv5.vtp not connected to model..ignoring
Mesh cerv6.vtp not connected to model..ignoring
Mesh skull.vtp not connected to model..ignoring
Mesh jaw.vtp not connected to model..ignoring
Mesh cerv1.vtp not connected to model..ignoring
Mesh cerv2.vtp not connected to model..ignoring
Mesh cerv3.vtp not connected to model..ignoring
Mesh cerv4.vtp not connected to model..ignoring
Mesh cerv5.vtp not connected to model..ignoring
Mesh cerv6.vtp not connected to model..ignoring
Mesh cerv7.vtp not connected to model..ignoring
Couldn't find file 'skull.vtp'.
Couldn't find file 'jaw.vtp'.
Couldn't find file 'cerv1.vtp'.
Couldn't find file 'cerv2.vtp'.
Couldn't find file 'cerv3.vtp'.
Couldn't find file 'cerv4.vtp'.
Couldn't find file 'cerv5.vtp'.
Couldn't find file 'cerv6.vtp'.
Couldn't find file 'cerv7.vtp'.
Mesh thoracic1.vtp not connected to model..ignoring
Couldn't find file 'thoracic1.vtp'.
Mesh thoracic2.vtp not connected to model..ignoring
Couldn't find file 'thoracic2.vtp'.
Mesh thoracic3.vtp not connected to model..ignoring
Couldn't find file 'thoracic3.vtp'.
Mesh thoracic4.vtp not connected to model..ignoring
Couldn't find file 'thoracic4.vtp'.
Mesh thoracic5.vtp not connected to model..ignoring
Couldn't find file 'thoracic5.vtp'.
Mesh thoracic6.vtp not connected to model..ignoring
Couldn't find file 'thoracic6.vtp'.
Mesh thoracic7.vtp not connected to model..ignoring
Couldn't find file 'thoracic7.vtp'.
Mesh thoracic8.vtp not connected to model..ignoring
Couldn't find file 'thoracic8.vtp'.
Mesh thoracic9.vtp not connected to model..ignoring
Couldn't find file 'thoracic9.vtp'.
Mesh thoracic10.vtp not connected to model..ignoring
Couldn't find file 'thoracic10.vtp'.
Mesh thoracic11.vtp not connected to model..ignoring
Couldn't find file 'thoracic11.vtp'.
Mesh thoracic12.vtp not connected to model..ignoring
Couldn't find file 'thoracic12.vtp'.
Mesh lumbar1.vtp not connected to model..ignoring
Couldn't find file 'lumbar1.vtp'.
Mesh lumbar2.vtp not connected to model..ignoring
Couldn't find file 'lumbar2.vtp'.
Mesh lumbar3.vtp not connected to model..ignoring
Couldn't find file 'lumbar3.vtp'.
Mesh lumbar4.vtp not connected to model..ignoring
Couldn't find file 'lumbar4.vtp'.
Mesh lumbar5.vtp not connected to model..ignoring
Couldn't find file 'lumbar5.vtp'.
Mesh r_pelvis.vtp not connected to model..ignoring
Mesh r_pelvis.vtp not connected to model..ignoring
Mesh l_pelvis.vtp not connected to model..ignoring
Mesh r_pelvis.vtp not connected to model..ignoring
Mesh l_pelvis.vtp not connected to model..ignoring
Mesh sacrum.vtp not connected to model..ignoring
Mesh Rib1R.vtp not connected to model..ignoring
Couldn't find file 'Rib1R.vtp'.
Mesh Rib2R.vtp not connected to model..ignoring
Couldn't find file 'Rib2R.vtp'.
Mesh Rib3R.vtp not connected to model..ignoring
Couldn't find file 'Rib3R.vtp'.
Mesh Rib4R.vtp not connected to model..ignoring
Couldn't find file 'Rib4R.vtp'.
Mesh Rib5R.vtp not connected to model..ignoring
Couldn't find file 'Rib5R.vtp'.
Mesh Rib6R.vtp not connected to model..ignoring
Couldn't find file 'Rib6R.vtp'.
Mesh Rib7R.vtp not connected to model..ignoring
Couldn't find file 'Rib7R.vtp'.
Mesh Rib8R.vtp not connected to model..ignoring
Couldn't find file 'Rib8R.vtp'.
Mesh Rib9R.vtp not connected to model..ignoring
Couldn't find file 'Rib9R.vtp'.
Mesh Rib10R.vtp not connected to model..ignoring
Couldn't find file 'Rib10R.vtp'.
Mesh Rib11R.vtp not connected to model..ignoring
Couldn't find file 'Rib11R.vtp'.
Mesh Rib12R.vtp not connected to model..ignoring
Couldn't find file 'Rib12R.vtp'.
Mesh Rib1L.vtp not connected to model..ignoring
Couldn't find file 'Rib1L.vtp'.
Mesh Rib2L.vtp not connected to model..ignoring
Couldn't find file 'Rib2L.vtp'.
Mesh Rib3L.vtp not connected to model..ignoring
Couldn't find file 'Rib3L.vtp'.
Mesh Rib4L.vtp not connected to model..ignoring
Couldn't find file 'Rib4L.vtp'.
Mesh Rib5L.vtp not connected to model..ignoring
Couldn't find file 'Rib5L.vtp'.
Mesh Rib6L.vtp not connected to model..ignoring
Couldn't find file 'Rib6L.vtp'.
Mesh Rib7L.vtp not connected to model..ignoring
Couldn't find file 'Rib7L.vtp'.
Mesh Rib8L.vtp not connected to model..ignoring
Couldn't find file 'Rib8L.vtp'.
Mesh Rib9L.vtp not connected to model..ignoring
Couldn't find file 'Rib9L.vtp'.
Mesh Rib10L.vtp not connected to model..ignoring
Couldn't find file 'Rib10L.vtp'.
Mesh Rib11L.vtp not connected to model..ignoring
Couldn't find file 'Rib11L.vtp'.
Mesh Rib12L.vtp not connected to model..ignoring
Couldn't find file 'Rib12L.vtp'.
Mesh sternum.vtp not connected to model..ignoring
Couldn't find file 'sternum.vtp'.
Mesh r_clavicle.vtp not connected to model..ignoring
Couldn't find file 'r_clavicle.vtp'.
Mesh r_scapula.vtp not connected to model..ignoring
Couldn't find file 'r_scapula.vtp'.
Mesh r_humerus.vtp not connected to model..ignoring
Couldn't find file 'r_humerus.vtp'.
Mesh r_ulna.vtp not connected to model..ignoring
Mesh r_ulna.vtp not connected to model..ignoring
Mesh r_radius.vtp not connected to model..ignoring
Couldn't find file 'r_ulna.vtp'.
Couldn't find file 'r_radius.vtp'.
Mesh r_ulna.vtp not connected to model..ignoring
Couldn't find file 'r_ulna.vtp'.
BodySet 'bodyset' has subcomponents with duplicate name 'forearmRight'.
The duplicate is being renamed to 'forearmRight_0'.
Body 'forearmRight_0' not connected by a Joint.
A FreeJoint will be added to connect it to ground.
